{"meta": {"format": 3, "version": "7.13.4", "timestamp": "2026-03-03T21:56:25.240475", "branch_coverage": false, "show_contexts": false}, "files": {"custom_components/localshift/__init__.py": {"executed_lines": [7, 9, 11, 12, 14, 15, 17, 19, 22, 40, 50], "summary": {"covered_lines": 11, "num_statements": 26, "percent_covered": 42.30769230769231, "percent_covered_display": "42", "missing_lines": 15, "excluded_lines": 0, "percent_statements_covered": 42.30769230769231, "percent_statements_covered_display": "42"}, "missing_lines": [24, 25, 28, 31, 34, 36, 37, 43, 44, 47, 54, 56, 59, 60, 61], "excluded_lines": [], "functions": {"async_setup_entry": {"executed_lines": [], "summary": {"covered_lines": 0, "num_statements": 7, "percent_covered": 0.0, "percent_covered_display": "0", "missing_lines": 7, "excluded_lines": 0, "percent_statements_covered": 0.0, "percent_statements_covered_display": "0"}, "missing_lines": [24, 25, 28, 31, 34, 36, 37], "excluded_lines": [], "start_line": 22}, "async_unload_entry": {"executed_lines": [], "summary": {"covered_lines": 0, "num_statements": 3, "percent_covered": 0.0, "percent_covered_display": "0", "missing_lines": 3, "excluded_lines": 0, "percent_statements_covered": 0.0, "percent_statements_covered_display": "0"}, "missing_lines": [43, 44, 47], "excluded_lines": [], "start_line": 40}, "_async_options_updated": {"executed_lines": [], "summary": {"covered_lines": 0, "num_statements": 5, "percent_covered": 0.0, "percent_covered_display": "0", "missing_lines": 5, "excluded_lines": 0, "percent_statements_covered": 0.0, "percent_statements_covered_display": "0"}, "missing_lines": [54, 56, 59, 60, 61], "excluded_lines": [], "start_line": 50}, "": {"executed_lines": [7, 9, 11, 12, 14, 15, 17, 19, 22, 40, 50], "summary": {"covered_lines": 11, "num_statements": 11, "percent_covered": 100.0, "percent_covered_display": "100", "missing_lines": 0, "excluded_lines": 0, "percent_statements_covered": 100.0, "percent_statements_covered_display": "100"}, "missing_lines": [], "excluded_lines": [], "start_line": 1}}, "classes": {"": {"executed_lines": [7, 9, 11, 12, 14, 15, 17, 19, 22, 40, 50], "summary": {"covered_lines": 11, "num_statements": 26, "percent_covered": 42.30769230769231, "percent_covered_display": "42", "missing_lines": 15, "excluded_lines": 0, "percent_statements_covered": 42.30769230769231, "percent_statements_covered_display": "42"}, "missing_lines": [24, 25, 28, 31, 34, 36, 37, 43, 44, 47, 54, 56, 59, 60, 61], "excluded_lines": [], "start_line": 1}}}, "custom_components/localshift/battery_controller.py": {"executed_lines": [3, 5, 6, 7, 8, 10, 22, 26, 33, 36, 47, 48, 50, 56, 57, 58, 60, 61, 67, 68, 69, 81, 87, 88, 89, 91, 92, 98, 99, 102, 114, 120, 121, 122, 124, 125, 131, 132, 135, 147, 163, 164, 167, 168, 170, 171, 172, 180, 181, 187, 190, 191, 193, 194, 199, 201, 211, 212, 214, 215, 216, 225, 226, 228, 233, 235, 251, 253, 254, 259, 261, 269, 270, 273, 276, 280, 286, 293, 303, 307, 309, 310, 322, 325, 327, 333, 359, 364, 367, 369, 370, 375, 378, 379, 380, 391, 392, 393, 396, 401, 406, 410, 413, 430, 431, 437, 439, 445, 446, 447, 448, 452, 459, 461, 462, 464, 466, 477, 478, 479, 482, 483, 484, 493, 498, 502, 506, 512, 515, 532, 533, 534, 536, 542, 543, 545, 568, 572, 573, 574, 577, 578, 579, 588, 592, 596, 601, 604, 621, 622, 623, 625, 641, 642, 644, 645, 650, 653, 654, 655, 665, 669, 676, 681, 684, 701, 702, 707, 709, 711, 712, 713, 714, 715, 716, 717, 719, 721, 722, 723, 724, 726, 746, 747, 756, 757, 758, 759, 763, 764, 766, 767, 770, 771, 772, 775, 782, 783, 784, 790, 792, 803, 804, 805, 810, 816, 822, 823, 829, 832, 833, 847, 851, 852, 858, 859, 864, 867, 873, 874, 876, 880, 894, 907, 909, 929, 930, 931, 932, 937, 938, 939, 942, 949, 950, 951, 956, 963, 979, 985, 988, 1001], "summary": {"covered_lines": 242, "num_statements": 309, "percent_covered": 78.31715210355988, "percent_covered_display": "78", "missing_lines": 67, "excluded_lines": 3, "percent_statements_covered": 78.31715210355988, "percent_statements_covered_display": "78"}, "missing_lines": [70, 71, 72, 79, 103, 104, 105, 112, 136, 137, 138, 145, 277, 278, 281, 284, 287, 290, 300, 301, 324, 331, 397, 398, 402, 403, 407, 408, 419, 420, 421, 428, 463, 494, 495, 499, 500, 503, 504, 507, 508, 521, 522, 523, 530, 589, 590, 593, 594, 597, 598, 610, 611, 612, 619, 666, 667, 670, 674, 677, 678, 690, 691, 692, 699, 884, 892], "excluded_lines": [16, 17, 19], "functions": {"BatteryController.__init__": {"executed_lines": [47, 48], "summary": {"covered_lines": 2, "num_statements": 2, "percent_covered": 100.0, "percent_covered_display": "100", "missing_lines": 0, "excluded_lines": 0, "percent_statements_covered": 100.0, "percent_statements_covered_display": "100"}, "missing_lines": [], "excluded_lines": [], "start_line": 36}, "BatteryController._set_export_mode": {"executed_lines": [56, 57, 58, 60, 61, 67, 68, 69], "summary": {"covered_lines": 8, "num_statements": 12, "percent_covered": 66.66666666666667, "percent_covered_display": "67", "missing_lines": 4, "excluded_lines": 0, "percent_statements_covered": 66.66666666666667, "percent_statements_covered_display": "67"}, "missing_lines": [70, 71, 72, 79], "excluded_lines": [], "start_line": 50}, "BatteryController._set_operation_mode": {"executed_lines": [87, 88, 89, 91, 92, 98, 99, 102], "summary": {"covered_lines": 8, "num_statements": 12, "percent_covered": 66.66666666666667, "percent_covered_display": "67", "missing_lines": 4, "excluded_lines": 0, "percent_statements_covered": 66.66666666666667, "percent_statements_covered_display": "67"}, "missing_lines": [103, 104, 105, 112], "excluded_lines": [], "start_line": 81}, "BatteryController._set_backup_reserve": {"executed_lines": [120, 121, 122, 124, 125, 131, 132, 135], "summary": {"covered_lines": 8, "num_statements": 12, "percent_covered": 66.66666666666667, "percent_covered_display": "67", "missing_lines": 4, "excluded_lines": 0, "percent_statements_covered": 66.66666666666667, "percent_statements_covered_display": "67"}, "missing_lines": [136, 137, 138, 145], "excluded_lines": [], "start_line": 114}, "BatteryController._set_grid_charging_allowed": {"executed_lines": [163, 164, 167, 168, 170, 171, 172, 180, 181, 187, 190, 191, 193, 194, 199, 201, 211, 212, 214, 215, 216, 225, 226, 228, 233], "summary": {"covered_lines": 25, "num_statements": 25, "percent_covered": 100.0, "percent_covered_display": "100", "missing_lines": 0, "excluded_lines": 0, "percent_statements_covered": 100.0, "percent_statements_covered_display": "100"}, "missing_lines": [], "excluded_lines": [], "start_line": 147}, "BatteryController.set_self_consumption": {"executed_lines": [251, 253, 254, 259, 261, 269, 270, 273, 276, 280, 286, 293, 303, 307], "summary": {"covered_lines": 14, "num_statements": 22, "percent_covered": 63.63636363636363, "percent_covered_display": "64", "missing_lines": 8, "excluded_lines": 0, "percent_statements_covered": 63.63636363636363, "percent_statements_covered_display": "64"}, "missing_lines": [277, 278, 281, 284, 287, 290, 300, 301], "excluded_lines": [], "start_line": 235}, "BatteryController._clamp_backup_reserve": {"executed_lines": [322, 325, 327], "summary": {"covered_lines": 3, "num_statements": 5, "percent_covered": 60.0, "percent_covered_display": "60", "missing_lines": 2, "excluded_lines": 0, "percent_statements_covered": 60.0, "percent_statements_covered_display": "60"}, "missing_lines": [324, 331], "excluded_lines": [], "start_line": 310}, "BatteryController.set_force_charge": {"executed_lines": [359, 364, 367, 369, 370, 375, 378, 379, 380, 391, 392, 393, 396, 401, 406, 410, 413, 430, 431, 437], "summary": {"covered_lines": 20, "num_statements": 30, "percent_covered": 66.66666666666667, "percent_covered_display": "67", "missing_lines": 10, "excluded_lines": 0, "percent_statements_covered": 66.66666666666667, "percent_statements_covered_display": "67"}, "missing_lines": [397, 398, 402, 403, 407, 408, 419, 420, 421, 428], "excluded_lines": [], "start_line": 333}, "BatteryController._get_hardware_state_snapshot": {"executed_lines": [445, 446, 447, 448, 452], "summary": {"covered_lines": 5, "num_statements": 5, "percent_covered": 100.0, "percent_covered_display": "100", "missing_lines": 0, "excluded_lines": 0, "percent_statements_covered": 100.0, "percent_statements_covered_display": "100"}, "missing_lines": [], "excluded_lines": [], "start_line": 439}, "BatteryController._read_bool": {"executed_lines": [461, 462, 464], "summary": {"covered_lines": 3, "num_statements": 4, "percent_covered": 75.0, "percent_covered_display": "75", "missing_lines": 1, "excluded_lines": 0, "percent_statements_covered": 75.0, "percent_statements_covered_display": "75"}, "missing_lines": [463], "excluded_lines": [], "start_line": 459}, "BatteryController.set_boost_charge": {"executed_lines": [477, 478, 479, 482, 483, 484, 493, 498, 502, 506, 512, 515, 532, 533, 534], "summary": {"covered_lines": 15, "num_statements": 27, "percent_covered": 55.55555555555556, "percent_covered_display": "56", "missing_lines": 12, "excluded_lines": 0, "percent_statements_covered": 55.55555555555556, "percent_statements_covered_display": "56"}, "missing_lines": [494, 495, 499, 500, 503, 504, 507, 508, 521, 522, 523, 530], "excluded_lines": [], "start_line": 466}, "BatteryController._get_minimum_target_soc": {"executed_lines": [542, 543], "summary": {"covered_lines": 2, "num_statements": 2, "percent_covered": 100.0, "percent_covered_display": "100", "missing_lines": 0, "excluded_lines": 0, "percent_statements_covered": 100.0, "percent_statements_covered_display": "100"}, "missing_lines": [], "excluded_lines": [], "start_line": 536}, "BatteryController.set_force_discharge": {"executed_lines": [568, 572, 573, 574, 577, 578, 579, 588, 592, 596, 601, 604, 621, 622, 623], "summary": {"covered_lines": 15, "num_statements": 25, "percent_covered": 60.0, "percent_covered_display": "60", "missing_lines": 10, "excluded_lines": 0, "percent_statements_covered": 60.0, "percent_statements_covered_display": "60"}, "missing_lines": [589, 590, 593, 594, 597, 598, 610, 611, 612, 619], "excluded_lines": [], "start_line": 545}, "BatteryController.set_proactive_export": {"executed_lines": [641, 642, 644, 645, 650, 653, 654, 655, 665, 669, 676, 681, 684, 701, 702, 707], "summary": {"covered_lines": 16, "num_statements": 26, "percent_covered": 61.53846153846154, "percent_covered_display": "62", "missing_lines": 10, "excluded_lines": 0, "percent_statements_covered": 61.53846153846154, "percent_statements_covered_display": "62"}, "missing_lines": [666, 667, 670, 674, 677, 678, 690, 691, 692, 699], "excluded_lines": [], "start_line": 625}, "BatteryController._read_float": {"executed_lines": [711, 712, 713, 714, 715, 716, 717], "summary": {"covered_lines": 7, "num_statements": 7, "percent_covered": 100.0, "percent_covered_display": "100", "missing_lines": 0, "excluded_lines": 0, "percent_statements_covered": 100.0, "percent_statements_covered_display": "100"}, "missing_lines": [], "excluded_lines": [], "start_line": 709}, "BatteryController._read_str": {"executed_lines": [721, 722, 723, 724], "summary": {"covered_lines": 4, "num_statements": 4, "percent_covered": 100.0, "percent_covered_display": "100", "missing_lines": 0, "excluded_lines": 0, "percent_statements_covered": 100.0, "percent_statements_covered_display": "100"}, "missing_lines": [], "excluded_lines": [], "start_line": 719}, "BatteryController.validate_transition": {"executed_lines": [746, 747, 756, 757, 758, 759, 763, 764, 766, 767, 770, 771, 772, 775, 782, 783, 784, 790, 792, 803, 804, 805, 810, 816, 822, 823, 829, 832, 833, 847, 851, 852, 858, 859, 864, 867, 873, 874, 876, 880, 894, 907], "summary": {"covered_lines": 42, "num_statements": 44, "percent_covered": 95.45454545454545, "percent_covered_display": "95", "missing_lines": 2, "excluded_lines": 0, "percent_statements_covered": 95.45454545454545, "percent_statements_covered_display": "95"}, "missing_lines": [884, 892], "excluded_lines": [], "start_line": 726}, "BatteryController.verify_current_state": {"executed_lines": [929, 930, 931, 932, 937, 938, 939, 942, 949, 950, 951, 956, 963, 979, 985, 988, 1001], "summary": {"covered_lines": 17, "num_statements": 17, "percent_covered": 100.0, "percent_covered_display": "100", "missing_lines": 0, "excluded_lines": 0, "percent_statements_covered": 100.0, "percent_statements_covered_display": "100"}, "missing_lines": [], "excluded_lines": [], "start_line": 909}, "": {"executed_lines": [3, 5, 6, 7, 8, 10, 22, 26, 33, 36, 50, 81, 114, 147, 235, 309, 310, 333, 439, 459, 466, 536, 545, 625, 709, 719, 726, 909], "summary": {"covered_lines": 28, "num_statements": 28, "percent_covered": 100.0, "percent_covered_display": "100", "missing_lines": 0, "excluded_lines": 3, "percent_statements_covered": 100.0, "percent_statements_covered_display": "100"}, "missing_lines": [], "excluded_lines": [16, 17, 19], "start_line": 1}}, "classes": {"BatteryController": {"executed_lines": [47, 48, 56, 57, 58, 60, 61, 67, 68, 69, 87, 88, 89, 91, 92, 98, 99, 102, 120, 121, 122, 124, 125, 131, 132, 135, 163, 164, 167, 168, 170, 171, 172, 180, 181, 187, 190, 191, 193, 194, 199, 201, 211, 212, 214, 215, 216, 225, 226, 228, 233, 251, 253, 254, 259, 261, 269, 270, 273, 276, 280, 286, 293, 303, 307, 322, 325, 327, 359, 364, 367, 369, 370, 375, 378, 379, 380, 391, 392, 393, 396, 401, 406, 410, 413, 430, 431, 437, 445, 446, 447, 448, 452, 461, 462, 464, 477, 478, 479, 482, 483, 484, 493, 498, 502, 506, 512, 515, 532, 533, 534, 542, 543, 568, 572, 573, 574, 577, 578, 579, 588, 592, 596, 601, 604, 621, 622, 623, 641, 642, 644, 645, 650, 653, 654, 655, 665, 669, 676, 681, 684, 701, 702, 707, 711, 712, 713, 714, 715, 716, 717, 721, 722, 723, 724, 746, 747, 756, 757, 758, 759, 763, 764, 766, 767, 770, 771, 772, 775, 782, 783, 784, 790, 792, 803, 804, 805, 810, 816, 822, 823, 829, 832, 833, 847, 851, 852, 858, 859, 864, 867, 873, 874, 876, 880, 894, 907, 929, 930, 931, 932, 937, 938, 939, 942, 949, 950, 951, 956, 963, 979, 985, 988, 1001], "summary": {"covered_lines": 214, "num_statements": 281, "percent_covered": 76.15658362989323, "percent_covered_display": "76", "missing_lines": 67, "excluded_lines": 0, "percent_statements_covered": 76.15658362989323, "percent_statements_covered_display": "76"}, "missing_lines": [70, 71, 72, 79, 103, 104, 105, 112, 136, 137, 138, 145, 277, 278, 281, 284, 287, 290, 300, 301, 324, 331, 397, 398, 402, 403, 407, 408, 419, 420, 421, 428, 463, 494, 495, 499, 500, 503, 504, 507, 508, 521, 522, 523, 530, 589, 590, 593, 594, 597, 598, 610, 611, 612, 619, 666, 667, 670, 674, 677, 678, 690, 691, 692, 699, 884, 892], "excluded_lines": [], "start_line": 33}, "": {"executed_lines": [3, 5, 6, 7, 8, 10, 22, 26, 33, 36, 50, 81, 114, 147, 235, 309, 310, 333, 439, 459, 466, 536, 545, 625, 709, 719, 726, 909], "summary": {"covered_lines": 28, "num_statements": 28, "percent_covered": 100.0, "percent_covered_display": "100", "missing_lines": 0, "excluded_lines": 3, "percent_statements_covered": 100.0, "percent_statements_covered_display": "100"}, "missing_lines": [], "excluded_lines": [16, 17, 19], "start_line": 1}}}, "custom_components/localshift/binary_sensor.py": {"executed_lines": [], "summary": {"covered_lines": 0, "num_statements": 112, "percent_covered": 0.0, "percent_covered_display": "0", "missing_lines": 112, "excluded_lines": 0, "percent_statements_covered": 0.0, "percent_statements_covered_display": "0"}, "missing_lines": [3, 5, 7, 8, 9, 10, 11, 13, 14, 17, 23, 25, 40, 43, 46, 48, 54, 55, 56, 58, 59, 61, 69, 71, 74, 76, 78, 79, 81, 82, 84, 85, 87, 96, 99, 100, 101, 103, 104, 106, 107, 109, 115, 118, 119, 120, 122, 123, 126, 129, 130, 131, 133, 134, 137, 140, 141, 142, 144, 145, 148, 151, 152, 153, 155, 156, 159, 162, 163, 164, 166, 167, 170, 173, 174, 175, 177, 178, 181, 184, 185, 187, 188, 190, 192, 193, 201, 204, 205, 207, 208, 210, 216, 217, 219, 220, 222, 223, 237, 246, 247, 249, 250, 252, 254, 256, 257, 261, 263, 264, 266, 267], "excluded_lines": [], "functions": {"async_setup_entry": {"executed_lines": [], "summary": {"covered_lines": 0, "num_statements": 3, "percent_covered": 0.0, "percent_covered_display": "0", "missing_lines": 3, "excluded_lines": 0, "percent_statements_covered": 0.0, "percent_statements_covered_display": "0"}, "missing_lines": [23, 25, 40], "excluded_lines": [], "start_line": 17}, "LocalShiftBinarySensorBase.__init__": {"executed_lines": [], "summary": {"covered_lines": 0, "num_statements": 3, "percent_covered": 0.0, "percent_covered_display": "0", "missing_lines": 3, "excluded_lines": 0, "percent_statements_covered": 0.0, "percent_statements_covered_display": "0"}, "missing_lines": [54, 55, 56], "excluded_lines": [], "start_line": 48}, "LocalShiftBinarySensorBase.device_info": {"executed_lines": [], "summary": {"covered_lines": 0, "num_statements": 1, "percent_covered": 0.0, "percent_covered_display": "0", "missing_lines": 1, "excluded_lines": 0, "percent_statements_covered": 0.0, "percent_statements_covered_display": "0"}, "missing_lines": [61], "excluded_lines": [], "start_line": 59}, "LocalShiftBinarySensorBase.async_added_to_hass": {"executed_lines": [], "summary": {"covered_lines": 0, "num_statements": 2, "percent_covered": 0.0, "percent_covered_display": "0", "missing_lines": 2, "excluded_lines": 0, "percent_statements_covered": 0.0, "percent_statements_covered_display": "0"}, "missing_lines": [71, 74], "excluded_lines": [], "start_line": 69}, "LocalShiftBinarySensorBase.async_will_remove_from_hass": {"executed_lines": [], "summary": {"covered_lines": 0, "num_statements": 2, "percent_covered": 0.0, "percent_covered_display": "0", "missing_lines": 2, "excluded_lines": 0, "percent_statements_covered": 0.0, "percent_statements_covered_display": "0"}, "missing_lines": [78, 79], "excluded_lines": [], "start_line": 76}, "LocalShiftBinarySensorBase._handle_coordinator_update": {"executed_lines": [], "summary": {"covered_lines": 0, "num_statements": 2, "percent_covered": 0.0, "percent_covered_display": "0", "missing_lines": 2, "excluded_lines": 0, "percent_statements_covered": 0.0, "percent_statements_covered_display": "0"}, "missing_lines": [84, 85], "excluded_lines": [], "start_line": 82}, "LocalShiftBinarySensorBase._update_from_coordinator": {"executed_lines": [], "summary": {"covered_lines": 0, "num_statements": 0, "percent_covered": 100.0, "percent_covered_display": "100", "missing_lines": 0, "excluded_lines": 0, "percent_statements_covered": 100.0, "percent_statements_covered_display": "100"}, "missing_lines": [], "excluded_lines": [], "start_line": 87}, "ForecastSpikeWithinWindowSensor._update_from_coordinator": {"executed_lines": [], "summary": {"covered_lines": 0, "num_statements": 1, "percent_covered": 0.0, "percent_covered_display": "0", "missing_lines": 1, "excluded_lines": 0, "percent_statements_covered": 0.0, "percent_statements_covered_display": "0"}, "missing_lines": [104], "excluded_lines": [], "start_line": 103}, "ForecastSpikeWithinWindowSensor.extra_state_attributes": {"executed_lines": [], "summary": {"covered_lines": 0, "num_statements": 1, "percent_covered": 0.0, "percent_covered_display": "0", "missing_lines": 1, "excluded_lines": 0, "percent_statements_covered": 0.0, "percent_statements_covered_display": "0"}, "missing_lines": [109], "excluded_lines": [], "start_line": 107}, "ForceDischargeActiveSensor._update_from_coordinator": {"executed_lines": [], "summary": {"covered_lines": 0, "num_statements": 1, "percent_covered": 0.0, "percent_covered_display": "0", "missing_lines": 1, "excluded_lines": 0, "percent_statements_covered": 0.0, "percent_statements_covered_display": "0"}, "missing_lines": [123], "excluded_lines": [], "start_line": 122}, "ForceChargeActiveSensor._update_from_coordinator": {"executed_lines": [], "summary": {"covered_lines": 0, "num_statements": 1, "percent_covered": 0.0, "percent_covered_display": "0", "missing_lines": 1, "excluded_lines": 0, "percent_statements_covered": 0.0, "percent_statements_covered_display": "0"}, "missing_lines": [134], "excluded_lines": [], "start_line": 133}, "BoostChargeActiveSensor._update_from_coordinator": {"executed_lines": [], "summary": {"covered_lines": 0, "num_statements": 1, "percent_covered": 0.0, "percent_covered_display": "0", "missing_lines": 1, "excluded_lines": 0, "percent_statements_covered": 0.0, "percent_statements_covered_display": "0"}, "missing_lines": [145], "excluded_lines": [], "start_line": 144}, "ForecastExpensivePeriodSensor._update_from_coordinator": {"executed_lines": [], "summary": {"covered_lines": 0, "num_statements": 1, "percent_covered": 0.0, "percent_covered_display": "0", "missing_lines": 1, "excluded_lines": 0, "percent_statements_covered": 0.0, "percent_statements_covered_display": "0"}, "missing_lines": [156], "excluded_lines": [], "start_line": 155}, "SolarCanReachTargetSensor._update_from_coordinator": {"executed_lines": [], "summary": {"covered_lines": 0, "num_statements": 1, "percent_covered": 0.0, "percent_covered_display": "0", "missing_lines": 1, "excluded_lines": 0, "percent_statements_covered": 0.0, "percent_statements_covered_display": "0"}, "missing_lines": [167], "excluded_lines": [], "start_line": 166}, "BoostChargeNeededSensor._update_from_coordinator": {"executed_lines": [], "summary": {"covered_lines": 0, "num_statements": 1, "percent_covered": 0.0, "percent_covered_display": "0", "missing_lines": 1, "excluded_lines": 0, "percent_statements_covered": 0.0, "percent_statements_covered_display": "0"}, "missing_lines": [178], "excluded_lines": [], "start_line": 177}, "DemandWindowActiveSensor.icon": {"executed_lines": [], "summary": {"covered_lines": 0, "num_statements": 1, "percent_covered": 0.0, "percent_covered_display": "0", "missing_lines": 1, "excluded_lines": 0, "percent_statements_covered": 0.0, "percent_statements_covered_display": "0"}, "missing_lines": [190], "excluded_lines": [], "start_line": 188}, "DemandWindowActiveSensor._update_from_coordinator": {"executed_lines": [], "summary": {"covered_lines": 0, "num_statements": 1, "percent_covered": 0.0, "percent_covered_display": "0", "missing_lines": 1, "excluded_lines": 0, "percent_statements_covered": 0.0, "percent_statements_covered_display": "0"}, "missing_lines": [193], "excluded_lines": [], "start_line": 192}, "ExcessSolarAvailableSensor.icon": {"executed_lines": [], "summary": {"covered_lines": 0, "num_statements": 1, "percent_covered": 0.0, "percent_covered_display": "0", "missing_lines": 1, "excluded_lines": 0, "percent_statements_covered": 0.0, "percent_statements_covered_display": "0"}, "missing_lines": [210], "excluded_lines": [], "start_line": 208}, "ExcessSolarAvailableSensor._update_from_coordinator": {"executed_lines": [], "summary": {"covered_lines": 0, "num_statements": 1, "percent_covered": 0.0, "percent_covered_display": "0", "missing_lines": 1, "excluded_lines": 0, "percent_statements_covered": 0.0, "percent_statements_covered_display": "0"}, "missing_lines": [217], "excluded_lines": [], "start_line": 216}, "ExcessSolarAvailableSensor.extra_state_attributes": {"executed_lines": [], "summary": {"covered_lines": 0, "num_statements": 2, "percent_covered": 0.0, "percent_covered_display": "0", "missing_lines": 2, "excluded_lines": 0, "percent_statements_covered": 0.0, "percent_statements_covered_display": "0"}, "missing_lines": [222, 223], "excluded_lines": [], "start_line": 220}, "TeslaOverrideActiveSensor.icon": {"executed_lines": [], "summary": {"covered_lines": 0, "num_statements": 1, "percent_covered": 0.0, "percent_covered_display": "0", "missing_lines": 1, "excluded_lines": 0, "percent_statements_covered": 0.0, "percent_statements_covered_display": "0"}, "missing_lines": [252], "excluded_lines": [], "start_line": 250}, "TeslaOverrideActiveSensor._update_from_coordinator": {"executed_lines": [], "summary": {"covered_lines": 0, "num_statements": 3, "percent_covered": 0.0, "percent_covered_display": "0", "missing_lines": 3, "excluded_lines": 0, "percent_statements_covered": 0.0, "percent_statements_covered_display": "0"}, "missing_lines": [256, 257, 261], "excluded_lines": [], "start_line": 254}, "TeslaOverrideActiveSensor.extra_state_attributes": {"executed_lines": [], "summary": {"covered_lines": 0, "num_statements": 2, "percent_covered": 0.0, "percent_covered_display": "0", "missing_lines": 2, "excluded_lines": 0, "percent_statements_covered": 0.0, "percent_statements_covered_display": "0"}, "missing_lines": [266, 267], "excluded_lines": [], "start_line": 264}, "": {"executed_lines": [], "summary": {"covered_lines": 0, "num_statements": 79, "percent_covered": 0.0, "percent_covered_display": "0", "missing_lines": 79, "excluded_lines": 0, "percent_statements_covered": 0.0, "percent_statements_covered_display": "0"}, "missing_lines": [3, 5, 7, 8, 9, 10, 11, 13, 14, 17, 43, 46, 48, 58, 59, 69, 76, 81, 82, 87, 96, 99, 100, 101, 103, 106, 107, 115, 118, 119, 120, 122, 126, 129, 130, 131, 133, 137, 140, 141, 142, 144, 148, 151, 152, 153, 155, 159, 162, 163, 164, 166, 170, 173, 174, 175, 177, 181, 184, 185, 187, 188, 192, 201, 204, 205, 207, 208, 216, 219, 220, 237, 246, 247, 249, 250, 254, 263, 264], "excluded_lines": [], "start_line": 1}}, "classes": {"LocalShiftBinarySensorBase": {"executed_lines": [], "summary": {"covered_lines": 0, "num_statements": 10, "percent_covered": 0.0, "percent_covered_display": "0", "missing_lines": 10, "excluded_lines": 0, "percent_statements_covered": 0.0, "percent_statements_covered_display": "0"}, "missing_lines": [54, 55, 56, 61, 71, 74, 78, 79, 84, 85], "excluded_lines": [], "start_line": 43}, "ForecastSpikeWithinWindowSensor": {"executed_lines": [], "summary": {"covered_lines": 0, "num_statements": 2, "percent_covered": 0.0, "percent_covered_display": "0", "missing_lines": 2, "excluded_lines": 0, "percent_statements_covered": 0.0, "percent_statements_covered_display": "0"}, "missing_lines": [104, 109], "excluded_lines": [], "start_line": 96}, "ForceDischargeActiveSensor": {"executed_lines": [], "summary": {"covered_lines": 0, "num_statements": 1, "percent_covered": 0.0, "percent_covered_display": "0", "missing_lines": 1, "excluded_lines": 0, "percent_statements_covered": 0.0, "percent_statements_covered_display": "0"}, "missing_lines": [123], "excluded_lines": [], "start_line": 115}, "ForceChargeActiveSensor": {"executed_lines": [], "summary": {"covered_lines": 0, "num_statements": 1, "percent_covered": 0.0, "percent_covered_display": "0", "missing_lines": 1, "excluded_lines": 0, "percent_statements_covered": 0.0, "percent_statements_covered_display": "0"}, "missing_lines": [134], "excluded_lines": [], "start_line": 126}, "BoostChargeActiveSensor": {"executed_lines": [], "summary": {"covered_lines": 0, "num_statements": 1, "percent_covered": 0.0, "percent_covered_display": "0", "missing_lines": 1, "excluded_lines": 0, "percent_statements_covered": 0.0, "percent_statements_covered_display": "0"}, "missing_lines": [145], "excluded_lines": [], "start_line": 137}, "ForecastExpensivePeriodSensor": {"executed_lines": [], "summary": {"covered_lines": 0, "num_statements": 1, "percent_covered": 0.0, "percent_covered_display": "0", "missing_lines": 1, "excluded_lines": 0, "percent_statements_covered": 0.0, "percent_statements_covered_display": "0"}, "missing_lines": [156], "excluded_lines": [], "start_line": 148}, "SolarCanReachTargetSensor": {"executed_lines": [], "summary": {"covered_lines": 0, "num_statements": 1, "percent_covered": 0.0, "percent_covered_display": "0", "missing_lines": 1, "excluded_lines": 0, "percent_statements_covered": 0.0, "percent_statements_covered_display": "0"}, "missing_lines": [167], "excluded_lines": [], "start_line": 159}, "BoostChargeNeededSensor": {"executed_lines": [], "summary": {"covered_lines": 0, "num_statements": 1, "percent_covered": 0.0, "percent_covered_display": "0", "missing_lines": 1, "excluded_lines": 0, "percent_statements_covered": 0.0, "percent_statements_covered_display": "0"}, "missing_lines": [178], "excluded_lines": [], "start_line": 170}, "DemandWindowActiveSensor": {"executed_lines": [], "summary": {"covered_lines": 0, "num_statements": 2, "percent_covered": 0.0, "percent_covered_display": "0", "missing_lines": 2, "excluded_lines": 0, "percent_statements_covered": 0.0, "percent_statements_covered_display": "0"}, "missing_lines": [190, 193], "excluded_lines": [], "start_line": 181}, "ExcessSolarAvailableSensor": {"executed_lines": [], "summary": {"covered_lines": 0, "num_statements": 4, "percent_covered": 0.0, "percent_covered_display": "0", "missing_lines": 4, "excluded_lines": 0, "percent_statements_covered": 0.0, "percent_statements_covered_display": "0"}, "missing_lines": [210, 217, 222, 223], "excluded_lines": [], "start_line": 201}, "TeslaOverrideActiveSensor": {"executed_lines": [], "summary": {"covered_lines": 0, "num_statements": 6, "percent_covered": 0.0, "percent_covered_display": "0", "missing_lines": 6, "excluded_lines": 0, "percent_statements_covered": 0.0, "percent_statements_covered_display": "0"}, "missing_lines": [252, 256, 257, 261, 266, 267], "excluded_lines": [], "start_line": 237}, "": {"executed_lines": [], "summary": {"covered_lines": 0, "num_statements": 82, "percent_covered": 0.0, "percent_covered_display": "0", "missing_lines": 82, "excluded_lines": 0, "percent_statements_covered": 0.0, "percent_statements_covered_display": "0"}, "missing_lines": [3, 5, 7, 8, 9, 10, 11, 13, 14, 17, 23, 25, 40, 43, 46, 48, 58, 59, 69, 76, 81, 82, 87, 96, 99, 100, 101, 103, 106, 107, 115, 118, 119, 120, 122, 126, 129, 130, 131, 133, 137, 140, 141, 142, 144, 148, 151, 152, 153, 155, 159, 162, 163, 164, 166, 170, 173, 174, 175, 177, 181, 184, 185, 187, 188, 192, 201, 204, 205, 207, 208, 216, 219, 220, 237, 246, 247, 249, 250, 254, 263, 264], "excluded_lines": [], "start_line": 1}}}, "custom_components/localshift/button.py": {"executed_lines": [], "summary": {"covered_lines": 0, "num_statements": 53, "percent_covered": 0.0, "percent_covered_display": "0", "missing_lines": 53, "excluded_lines": 0, "percent_statements_covered": 0.0, "percent_statements_covered_display": "0"}, "missing_lines": [10, 12, 14, 15, 16, 17, 18, 20, 27, 29, 32, 38, 40, 45, 46, 47, 49, 52, 55, 57, 64, 65, 66, 67, 68, 70, 71, 73, 82, 85, 86, 88, 91, 94, 96, 97, 104, 111, 112, 114, 116, 119, 120, 121, 122, 123, 126, 129, 132, 134, 136, 138, 139], "excluded_lines": [], "functions": {"async_setup_entry": {"executed_lines": [], "summary": {"covered_lines": 0, "num_statements": 6, "percent_covered": 0.0, "percent_covered_display": "0", "missing_lines": 6, "excluded_lines": 0, "percent_statements_covered": 0.0, "percent_statements_covered_display": "0"}, "missing_lines": [38, 40, 45, 46, 47, 49], "excluded_lines": [], "start_line": 32}, "LocalShiftButtonBase.__init__": {"executed_lines": [], "summary": {"covered_lines": 0, "num_statements": 5, "percent_covered": 0.0, "percent_covered_display": "0", "missing_lines": 5, "excluded_lines": 0, "percent_statements_covered": 0.0, "percent_statements_covered_display": "0"}, "missing_lines": [64, 65, 66, 67, 68], "excluded_lines": [], "start_line": 57}, "LocalShiftButtonBase.device_info": {"executed_lines": [], "summary": {"covered_lines": 0, "num_statements": 1, "percent_covered": 0.0, "percent_covered_display": "0", "missing_lines": 1, "excluded_lines": 0, "percent_statements_covered": 0.0, "percent_statements_covered_display": "0"}, "missing_lines": [73], "excluded_lines": [], "start_line": 71}, "UpdateForecastButton.__init__": {"executed_lines": [], "summary": {"covered_lines": 0, "num_statements": 1, "percent_covered": 0.0, "percent_covered_display": "0", "missing_lines": 1, "excluded_lines": 0, "percent_statements_covered": 0.0, "percent_statements_covered_display": "0"}, "missing_lines": [86], "excluded_lines": [], "start_line": 85}, "UpdateForecastButton.async_press": {"executed_lines": [], "summary": {"covered_lines": 0, "num_statements": 4, "percent_covered": 0.0, "percent_covered_display": "0", "missing_lines": 4, "excluded_lines": 0, "percent_statements_covered": 0.0, "percent_statements_covered_display": "0"}, "missing_lines": [91, 94, 96, 97], "excluded_lines": [], "start_line": 88}, "ResetLearningDataButton.__init__": {"executed_lines": [], "summary": {"covered_lines": 0, "num_statements": 1, "percent_covered": 0.0, "percent_covered_display": "0", "missing_lines": 1, "excluded_lines": 0, "percent_statements_covered": 0.0, "percent_statements_covered_display": "0"}, "missing_lines": [112], "excluded_lines": [], "start_line": 111}, "ResetLearningDataButton.async_press": {"executed_lines": [], "summary": {"covered_lines": 0, "num_statements": 13, "percent_covered": 0.0, "percent_covered_display": "0", "missing_lines": 13, "excluded_lines": 0, "percent_statements_covered": 0.0, "percent_statements_covered_display": "0"}, "missing_lines": [116, 119, 120, 121, 122, 123, 126, 129, 132, 134, 136, 138, 139], "excluded_lines": [], "start_line": 114}, "": {"executed_lines": [], "summary": {"covered_lines": 0, "num_statements": 22, "percent_covered": 0.0, "percent_covered_display": "0", "missing_lines": 22, "excluded_lines": 0, "percent_statements_covered": 0.0, "percent_statements_covered_display": "0"}, "missing_lines": [10, 12, 14, 15, 16, 17, 18, 20, 27, 29, 32, 52, 55, 57, 70, 71, 82, 85, 88, 104, 111, 114], "excluded_lines": [], "start_line": 1}}, "classes": {"LocalShiftButtonBase": {"executed_lines": [], "summary": {"covered_lines": 0, "num_statements": 6, "percent_covered": 0.0, "percent_covered_display": "0", "missing_lines": 6, "excluded_lines": 0, "percent_statements_covered": 0.0, "percent_statements_covered_display": "0"}, "missing_lines": [64, 65, 66, 67, 68, 73], "excluded_lines": [], "start_line": 52}, "UpdateForecastButton": {"executed_lines": [], "summary": {"covered_lines": 0, "num_statements": 5, "percent_covered": 0.0, "percent_covered_display": "0", "missing_lines": 5, "excluded_lines": 0, "percent_statements_covered": 0.0, "percent_statements_covered_display": "0"}, "missing_lines": [86, 91, 94, 96, 97], "excluded_lines": [], "start_line": 82}, "ResetLearningDataButton": {"executed_lines": [], "summary": {"covered_lines": 0, "num_statements": 14, "percent_covered": 0.0, "percent_covered_display": "0", "missing_lines": 14, "excluded_lines": 0, "percent_statements_covered": 0.0, "percent_statements_covered_display": "0"}, "missing_lines": [112, 116, 119, 120, 121, 122, 123, 126, 129, 132, 134, 136, 138, 139], "excluded_lines": [], "start_line": 104}, "": {"executed_lines": [], "summary": {"covered_lines": 0, "num_statements": 28, "percent_covered": 0.0, "percent_covered_display": "0", "missing_lines": 28, "excluded_lines": 0, "percent_statements_covered": 0.0, "percent_statements_covered_display": "0"}, "missing_lines": [10, 12, 14, 15, 16, 17, 18, 20, 27, 29, 32, 38, 40, 45, 46, 47, 49, 52, 55, 57, 70, 71, 82, 85, 88, 104, 111, 114], "excluded_lines": [], "start_line": 1}}}, "custom_components/localshift/computation_engine.py": {"executed_lines": [3, 5, 6, 7, 8, 10, 11, 12, 14, 29, 30, 31, 32, 42, 43, 44, 45, 70, 73, 74, 78, 80, 83, 86, 101, 102, 103, 104, 107, 108, 111, 114, 117, 120, 123, 129, 136, 143, 156, 157, 160, 163, 164, 165, 166, 169, 175, 181, 184, 187, 190, 193, 194, 195, 196, 199, 203, 206, 211, 212, 218, 219, 220, 222, 225, 233, 240, 243, 247, 248, 249, 250, 255, 259, 260, 261, 262, 266, 270, 274, 275, 279, 285, 286, 287, 291, 295, 300, 305, 308, 315, 322, 326, 328, 330, 339, 342, 348, 357, 361, 364, 365, 366, 369, 370, 371, 372, 375, 376, 380, 383, 384, 388, 391, 392, 393, 395, 408, 410, 412, 413, 417, 423, 424, 429, 432, 435, 438, 441, 447, 450, 459, 463, 466, 469, 475, 476, 481, 484, 487, 490, 491, 494, 497, 498, 500, 501, 506, 512, 513, 514, 516, 529, 530, 534, 535, 537, 553, 554, 555, 559, 560, 563, 566, 569, 570, 571, 573, 574, 579, 582, 585, 586, 588, 589, 597, 598, 601, 604, 622, 634, 635, 636, 638, 639, 640, 641, 642, 649, 651, 652, 659, 668, 676, 680, 687, 691, 698, 707, 709, 710, 711, 714, 715, 722, 725, 726, 729, 730, 731, 733, 734, 737, 740, 742, 743, 747, 755, 756, 759, 760, 761, 767, 773, 794, 804, 806, 809, 811, 815, 820, 823, 827, 828, 829, 832, 835, 836, 843, 844, 848, 854, 857, 862, 870, 879, 881, 882, 883, 893, 898, 899, 903, 914, 920, 921, 922, 924, 939, 940, 943, 946, 947, 948, 949, 950, 951, 966, 970, 971, 972, 973, 974, 979, 991, 992, 994, 995, 997, 1004, 1008, 1013, 1015, 1016, 1020, 1021, 1025, 1026, 1030, 1031, 1033, 1035, 1036, 1040, 1041, 1045, 1046, 1050, 1055, 1057, 1071, 1073, 1074, 1075, 1076, 1085, 1086, 1088, 1090, 1097, 1099, 1100, 1106, 1108, 1109, 1115, 1117, 1118, 1123, 1125, 1133, 1135, 1136, 1138, 1141, 1146, 1151, 1155, 1156, 1203, 1204, 1206, 1240, 1245, 1249, 1253, 1254, 1255, 1258, 1259, 1260, 1261, 1263, 1306, 1315, 1316, 1319, 1340, 1341, 1349, 1355, 1361, 1367, 1373, 1381, 1383, 1392], "summary": {"covered_lines": 357, "num_statements": 504, "percent_covered": 70.83333333333333, "percent_covered_display": "71", "missing_lines": 147, "excluded_lines": 0, "percent_statements_covered": 70.83333333333333, "percent_statements_covered_display": "71"}, "missing_lines": [325, 327, 331, 333, 385, 454, 564, 572, 575, 576, 580, 602, 614, 615, 616, 732, 735, 736, 738, 745, 837, 840, 864, 865, 925, 930, 931, 932, 933, 936, 957, 958, 963, 964, 993, 1018, 1023, 1028, 1038, 1043, 1048, 1069, 1081, 1082, 1083, 1127, 1142, 1143, 1144, 1152, 1153, 1157, 1158, 1159, 1161, 1164, 1165, 1167, 1168, 1169, 1170, 1171, 1172, 1173, 1174, 1176, 1178, 1179, 1180, 1181, 1183, 1184, 1185, 1187, 1194, 1195, 1196, 1197, 1200, 1202, 1211, 1212, 1214, 1216, 1223, 1224, 1226, 1231, 1232, 1233, 1234, 1250, 1251, 1256, 1257, 1272, 1273, 1275, 1279, 1280, 1283, 1284, 1285, 1287, 1288, 1289, 1291, 1292, 1295, 1302, 1303, 1304, 1321, 1325, 1326, 1327, 1329, 1330, 1331, 1335, 1336, 1337, 1338, 1343, 1375, 1402, 1404, 1405, 1407, 1413, 1414, 1418, 1420, 1421, 1422, 1427, 1428, 1429, 1434, 1435, 1440, 1443, 1444, 1445, 1447, 1448, 1449], "excluded_lines": [], "functions": {"ComputationEngine.__init__": {"executed_lines": [101, 102, 103, 104, 107, 108, 111, 114, 117, 120, 123, 129, 136, 143, 156, 157, 160, 163, 164, 165, 166, 169], "summary": {"covered_lines": 22, "num_statements": 22, "percent_covered": 100.0, "percent_covered_display": "100", "missing_lines": 0, "excluded_lines": 0, "percent_statements_covered": 100.0, "percent_statements_covered_display": "100"}, "missing_lines": [], "excluded_lines": [], "start_line": 86}, "ComputationEngine.compute_derived_values": {"executed_lines": [181, 184, 187, 190, 193, 194, 195, 196, 199, 203, 206, 211, 212, 218, 219, 220, 222, 225, 233, 240, 243, 247, 248, 249, 250, 255, 259, 260, 261, 262, 266, 270, 274, 275, 279, 285, 286, 287, 291, 295, 300, 305, 308, 315, 322, 326, 328, 330, 339, 342], "summary": {"covered_lines": 50, "num_statements": 54, "percent_covered": 92.5925925925926, "percent_covered_display": "93", "missing_lines": 4, "excluded_lines": 0, "percent_statements_covered": 92.5925925925926, "percent_statements_covered_display": "93"}, "missing_lines": [325, 327, 331, 333], "excluded_lines": [], "start_line": 175}, "ComputationEngine._compute_solar_battery_forecast": {"executed_lines": [357, 361, 364, 365, 366, 369, 370, 371, 372, 375, 376, 380, 383, 384, 388, 391, 392, 393, 395, 408, 410, 412, 413, 417, 423, 424, 429, 432, 435, 438, 441, 447, 450, 459, 463, 466, 469, 475, 476, 481, 484, 487, 490, 491, 494, 497, 498, 500, 501, 506, 512, 513, 514, 516, 529, 530, 534, 535], "summary": {"covered_lines": 58, "num_statements": 60, "percent_covered": 96.66666666666667, "percent_covered_display": "97", "missing_lines": 2, "excluded_lines": 0, "percent_statements_covered": 96.66666666666667, "percent_statements_covered_display": "97"}, "missing_lines": [385, 454], "excluded_lines": [], "start_line": 348}, "ComputationEngine._store_forecast_history": {"executed_lines": [553, 554, 555, 559, 560, 563, 566, 569, 570, 571, 573, 574, 579, 582, 585, 586, 588, 589, 597, 598, 601], "summary": {"covered_lines": 21, "num_statements": 27, "percent_covered": 77.77777777777777, "percent_covered_display": "78", "missing_lines": 6, "excluded_lines": 0, "percent_statements_covered": 77.77777777777777, "percent_statements_covered_display": "78"}, "missing_lines": [564, 572, 575, 576, 580, 602], "excluded_lines": [], "start_line": 537}, "ComputationEngine.set_baseline_load": {"executed_lines": [], "summary": {"covered_lines": 0, "num_statements": 3, "percent_covered": 0.0, "percent_covered_display": "0", "missing_lines": 3, "excluded_lines": 0, "percent_statements_covered": 0.0, "percent_statements_covered_display": "0"}, "missing_lines": [614, 615, 616], "excluded_lines": [], "start_line": 604}, "ComputationEngine._compute_load_forecast_slots": {"executed_lines": [634, 635, 636, 638, 639, 640, 641, 642, 649, 651, 652], "summary": {"covered_lines": 11, "num_statements": 11, "percent_covered": 100.0, "percent_covered_display": "100", "missing_lines": 0, "excluded_lines": 0, "percent_statements_covered": 100.0, "percent_statements_covered_display": "100"}, "missing_lines": [], "excluded_lines": [], "start_line": 622}, "ComputationEngine._compute_effective_cheap_price_preliminary": {"executed_lines": [668], "summary": {"covered_lines": 1, "num_statements": 1, "percent_covered": 100.0, "percent_covered_display": "100", "missing_lines": 0, "excluded_lines": 0, "percent_statements_covered": 100.0, "percent_statements_covered_display": "100"}, "missing_lines": [], "excluded_lines": [], "start_line": 659}, "ComputationEngine._compute_effective_cheap_price": {"executed_lines": [680], "summary": {"covered_lines": 1, "num_statements": 1, "percent_covered": 100.0, "percent_covered_display": "100", "missing_lines": 0, "excluded_lines": 0, "percent_statements_covered": 100.0, "percent_statements_covered_display": "100"}, "missing_lines": [], "excluded_lines": [], "start_line": 676}, "ComputationEngine._compute_solar_weighted_avg_fit": {"executed_lines": [691], "summary": {"covered_lines": 1, "num_statements": 1, "percent_covered": 100.0, "percent_covered_display": "100", "missing_lines": 0, "excluded_lines": 0, "percent_statements_covered": 100.0, "percent_statements_covered_display": "100"}, "missing_lines": [], "excluded_lines": [], "start_line": 687}, "ComputationEngine._get_dp_decision_at_demand_window": {"executed_lines": [707, 709, 710, 711, 714, 715, 722, 725, 726, 729, 730, 731, 733, 734, 737, 740, 742, 743], "summary": {"covered_lines": 18, "num_statements": 23, "percent_covered": 78.26086956521739, "percent_covered_display": "78", "missing_lines": 5, "excluded_lines": 0, "percent_statements_covered": 78.26086956521739, "percent_statements_covered_display": "78"}, "missing_lines": [732, 735, 736, 738, 745], "excluded_lines": [], "start_line": 698}, "ComputationEngine._get_expected_load_kw_from_slots": {"executed_lines": [755, 756, 759, 760, 761], "summary": {"covered_lines": 5, "num_statements": 5, "percent_covered": 100.0, "percent_covered_display": "100", "missing_lines": 0, "excluded_lines": 0, "percent_statements_covered": 100.0, "percent_statements_covered_display": "100"}, "missing_lines": [], "excluded_lines": [], "start_line": 747}, "ComputationEngine._build_optimizer_config_options": {"executed_lines": [773], "summary": {"covered_lines": 1, "num_statements": 1, "percent_covered": 100.0, "percent_covered_display": "100", "missing_lines": 0, "excluded_lines": 0, "percent_statements_covered": 100.0, "percent_statements_covered_display": "100"}, "missing_lines": [], "excluded_lines": [], "start_line": 767}, "ComputationEngine._run_dp_optimizer_inline": {"executed_lines": [804, 806, 809, 811, 815, 820, 823, 827, 828, 829, 832, 835, 836, 843, 844, 848, 854, 857, 862], "summary": {"covered_lines": 19, "num_statements": 23, "percent_covered": 82.6086956521739, "percent_covered_display": "83", "missing_lines": 4, "excluded_lines": 0, "percent_statements_covered": 82.6086956521739, "percent_statements_covered_display": "83"}, "missing_lines": [837, 840, 864, 865], "excluded_lines": [], "start_line": 794}, "ComputationEngine._write_optimizer_fields": {"executed_lines": [879, 881, 882, 883, 893, 898, 899], "summary": {"covered_lines": 7, "num_statements": 7, "percent_covered": 100.0, "percent_covered_display": "100", "missing_lines": 0, "excluded_lines": 0, "percent_statements_covered": 100.0, "percent_statements_covered_display": "100"}, "missing_lines": [], "excluded_lines": [], "start_line": 870}, "ComputationEngine._assign_active_mode": {"executed_lines": [914, 920, 921, 922, 924, 939, 940, 943, 946, 947, 948, 949, 950, 951], "summary": {"covered_lines": 14, "num_statements": 24, "percent_covered": 58.333333333333336, "percent_covered_display": "58", "missing_lines": 10, "excluded_lines": 0, "percent_statements_covered": 58.333333333333336, "percent_statements_covered_display": "58"}, "missing_lines": [925, 930, 931, 932, 933, 936, 957, 958, 963, 964], "excluded_lines": [], "start_line": 903}, "ComputationEngine._add_to_decision_log": {"executed_lines": [970, 971, 972, 973, 974, 979, 991, 992, 994, 995], "summary": {"covered_lines": 10, "num_statements": 11, "percent_covered": 90.9090909090909, "percent_covered_display": "91", "missing_lines": 1, "excluded_lines": 0, "percent_statements_covered": 90.9090909090909, "percent_statements_covered_display": "91"}, "missing_lines": [993], "excluded_lines": [], "start_line": 966}, "ComputationEngine.async_get_historical_hourly_averages": {"executed_lines": [1004], "summary": {"covered_lines": 1, "num_statements": 1, "percent_covered": 100.0, "percent_covered_display": "100", "missing_lines": 0, "excluded_lines": 0, "percent_statements_covered": 100.0, "percent_statements_covered_display": "100"}, "missing_lines": [], "excluded_lines": [], "start_line": 997}, "ComputationEngine.async_get_recent_load_1hr": {"executed_lines": [1013], "summary": {"covered_lines": 1, "num_statements": 1, "percent_covered": 100.0, "percent_covered_display": "100", "missing_lines": 0, "excluded_lines": 0, "percent_statements_covered": 100.0, "percent_statements_covered_display": "100"}, "missing_lines": [], "excluded_lines": [], "start_line": 1008}, "ComputationEngine._historical_load_cache": {"executed_lines": [], "summary": {"covered_lines": 0, "num_statements": 1, "percent_covered": 0.0, "percent_covered_display": "0", "missing_lines": 1, "excluded_lines": 0, "percent_statements_covered": 0.0, "percent_statements_covered_display": "0"}, "missing_lines": [1018], "excluded_lines": [], "start_line": 1016}, "ComputationEngine._historical_load_sample_counts": {"executed_lines": [], "summary": {"covered_lines": 0, "num_statements": 1, "percent_covered": 0.0, "percent_covered_display": "0", "missing_lines": 1, "excluded_lines": 0, "percent_statements_covered": 0.0, "percent_statements_covered_display": "0"}, "missing_lines": [1023], "excluded_lines": [], "start_line": 1021}, "ComputationEngine._historical_load_source": {"executed_lines": [], "summary": {"covered_lines": 0, "num_statements": 1, "percent_covered": 0.0, "percent_covered_display": "0", "missing_lines": 1, "excluded_lines": 0, "percent_statements_covered": 0.0, "percent_statements_covered_display": "0"}, "missing_lines": [1028], "excluded_lines": [], "start_line": 1026}, "ComputationEngine._recent_load_1hr_kw": {"executed_lines": [1033], "summary": {"covered_lines": 1, "num_statements": 1, "percent_covered": 100.0, "percent_covered_display": "100", "missing_lines": 0, "excluded_lines": 0, "percent_statements_covered": 100.0, "percent_statements_covered_display": "100"}, "missing_lines": [], "excluded_lines": [], "start_line": 1031}, "ComputationEngine._recent_load_1hr_statistic_id": {"executed_lines": [], "summary": {"covered_lines": 0, "num_statements": 1, "percent_covered": 0.0, "percent_covered_display": "0", "missing_lines": 1, "excluded_lines": 0, "percent_statements_covered": 0.0, "percent_statements_covered_display": "0"}, "missing_lines": [1038], "excluded_lines": [], "start_line": 1036}, "ComputationEngine._recent_load_1hr_samples": {"executed_lines": [], "summary": {"covered_lines": 0, "num_statements": 1, "percent_covered": 0.0, "percent_covered_display": "0", "missing_lines": 1, "excluded_lines": 0, "percent_statements_covered": 0.0, "percent_statements_covered_display": "0"}, "missing_lines": [1043], "excluded_lines": [], "start_line": 1041}, "ComputationEngine._recent_load_1hr_last_error": {"executed_lines": [], "summary": {"covered_lines": 0, "num_statements": 1, "percent_covered": 0.0, "percent_covered_display": "0", "missing_lines": 1, "excluded_lines": 0, "percent_statements_covered": 0.0, "percent_statements_covered_display": "0"}, "missing_lines": [1048], "excluded_lines": [], "start_line": 1046}, "ComputationEngine._get_historical_hourly_averages": {"executed_lines": [1055], "summary": {"covered_lines": 1, "num_statements": 1, "percent_covered": 100.0, "percent_covered_display": "100", "missing_lines": 0, "excluded_lines": 0, "percent_statements_covered": 100.0, "percent_statements_covered_display": "100"}, "missing_lines": [], "excluded_lines": [], "start_line": 1050}, "ComputationEngine._get_profile_for_day": {"executed_lines": [], "summary": {"covered_lines": 0, "num_statements": 1, "percent_covered": 0.0, "percent_covered_display": "0", "missing_lines": 1, "excluded_lines": 0, "percent_statements_covered": 0.0, "percent_statements_covered_display": "0"}, "missing_lines": [1069], "excluded_lines": [], "start_line": 1057}, "ComputationEngine._parse_time_option": {"executed_lines": [1073, 1074, 1075, 1076], "summary": {"covered_lines": 4, "num_statements": 7, "percent_covered": 57.142857142857146, "percent_covered_display": "57", "missing_lines": 3, "excluded_lines": 0, "percent_statements_covered": 57.142857142857146, "percent_statements_covered_display": "57"}, "missing_lines": [1081, 1082, 1083], "excluded_lines": [], "start_line": 1071}, "ComputationEngine._parse_forecast_dt": {"executed_lines": [1088], "summary": {"covered_lines": 1, "num_statements": 1, "percent_covered": 100.0, "percent_covered_display": "100", "missing_lines": 0, "excluded_lines": 0, "percent_statements_covered": 100.0, "percent_statements_covered_display": "100"}, "missing_lines": [], "excluded_lines": [], "start_line": 1086}, "ComputationEngine._sum_solar_before_target": {"executed_lines": [1097], "summary": {"covered_lines": 1, "num_statements": 1, "percent_covered": 100.0, "percent_covered_display": "100", "missing_lines": 0, "excluded_lines": 0, "percent_statements_covered": 100.0, "percent_statements_covered_display": "100"}, "missing_lines": [], "excluded_lines": [], "start_line": 1090}, "ComputationEngine._scan_forecast_for_spike": {"executed_lines": [1106], "summary": {"covered_lines": 1, "num_statements": 1, "percent_covered": 100.0, "percent_covered_display": "100", "missing_lines": 0, "excluded_lines": 0, "percent_statements_covered": 100.0, "percent_statements_covered_display": "100"}, "missing_lines": [], "excluded_lines": [], "start_line": 1100}, "ComputationEngine._max_forecast_price": {"executed_lines": [1115], "summary": {"covered_lines": 1, "num_statements": 1, "percent_covered": 100.0, "percent_covered_display": "100", "missing_lines": 0, "excluded_lines": 0, "percent_statements_covered": 100.0, "percent_statements_covered_display": "100"}, "missing_lines": [], "excluded_lines": [], "start_line": 1109}, "ComputationEngine._percentile": {"executed_lines": [1123], "summary": {"covered_lines": 1, "num_statements": 1, "percent_covered": 100.0, "percent_covered_display": "100", "missing_lines": 0, "excluded_lines": 0, "percent_statements_covered": 100.0, "percent_statements_covered_display": "100"}, "missing_lines": [], "excluded_lines": [], "start_line": 1118}, "ComputationEngine.clear_historical_cache": {"executed_lines": [], "summary": {"covered_lines": 0, "num_statements": 1, "percent_covered": 0.0, "percent_covered_display": "0", "missing_lines": 1, "excluded_lines": 0, "percent_statements_covered": 0.0, "percent_statements_covered_display": "0"}, "missing_lines": [1127], "excluded_lines": [], "start_line": 1125}, "ComputationEngine.async_initialize_forecast_history_storage": {"executed_lines": [1135, 1136, 1138, 1141], "summary": {"covered_lines": 4, "num_statements": 7, "percent_covered": 57.142857142857146, "percent_covered_display": "57", "missing_lines": 3, "excluded_lines": 0, "percent_statements_covered": 57.142857142857146, "percent_statements_covered_display": "57"}, "missing_lines": [1142, 1143, 1144], "excluded_lines": [], "start_line": 1133}, "ComputationEngine.async_load_forecast_history": {"executed_lines": [1151, 1155, 1156, 1203, 1204], "summary": {"covered_lines": 5, "num_statements": 36, "percent_covered": 13.88888888888889, "percent_covered_display": "14", "missing_lines": 31, "excluded_lines": 0, "percent_statements_covered": 13.88888888888889, "percent_statements_covered_display": "14"}, "missing_lines": [1152, 1153, 1157, 1158, 1159, 1161, 1164, 1165, 1167, 1168, 1169, 1170, 1171, 1172, 1173, 1174, 1176, 1178, 1179, 1180, 1181, 1183, 1184, 1185, 1187, 1194, 1195, 1196, 1197, 1200, 1202], "excluded_lines": [], "start_line": 1146}, "ComputationEngine.async_save_forecast_history": {"executed_lines": [], "summary": {"covered_lines": 0, "num_statements": 11, "percent_covered": 0.0, "percent_covered_display": "0", "missing_lines": 11, "excluded_lines": 0, "percent_statements_covered": 0.0, "percent_statements_covered_display": "0"}, "missing_lines": [1211, 1212, 1214, 1216, 1223, 1224, 1226, 1231, 1232, 1233, 1234], "excluded_lines": [], "start_line": 1206}, "ComputationEngine.async_initialize_weather_correlation": {"executed_lines": [1245, 1249, 1253, 1254, 1255, 1258, 1259, 1260, 1261], "summary": {"covered_lines": 9, "num_statements": 13, "percent_covered": 69.23076923076923, "percent_covered_display": "69", "missing_lines": 4, "excluded_lines": 0, "percent_statements_covered": 69.23076923076923, "percent_statements_covered_display": "69"}, "missing_lines": [1250, 1251, 1256, 1257], "excluded_lines": [], "start_line": 1240}, "ComputationEngine.async_learn_weather_sample": {"executed_lines": [], "summary": {"covered_lines": 0, "num_statements": 17, "percent_covered": 0.0, "percent_covered_display": "0", "missing_lines": 17, "excluded_lines": 0, "percent_statements_covered": 0.0, "percent_statements_covered_display": "0"}, "missing_lines": [1272, 1273, 1275, 1279, 1280, 1283, 1284, 1285, 1287, 1288, 1289, 1291, 1292, 1295, 1302, 1303, 1304], "excluded_lines": [], "start_line": 1263}, "ComputationEngine.async_refresh_weather_forecast": {"executed_lines": [1315, 1316, 1319], "summary": {"covered_lines": 3, "num_statements": 14, "percent_covered": 21.428571428571427, "percent_covered_display": "21", "missing_lines": 11, "excluded_lines": 0, "percent_statements_covered": 21.428571428571427, "percent_statements_covered_display": "21"}, "missing_lines": [1321, 1325, 1326, 1327, 1329, 1330, 1331, 1335, 1336, 1337, 1338], "excluded_lines": [], "start_line": 1306}, "ComputationEngine.weather_correlation": {"executed_lines": [], "summary": {"covered_lines": 0, "num_statements": 1, "percent_covered": 0.0, "percent_covered_display": "0", "missing_lines": 1, "excluded_lines": 0, "percent_statements_covered": 0.0, "percent_statements_covered_display": "0"}, "missing_lines": [1343], "excluded_lines": [], "start_line": 1341}, "ComputationEngine._analyze_spike": {"executed_lines": [1355], "summary": {"covered_lines": 1, "num_statements": 1, "percent_covered": 100.0, "percent_covered_display": "100", "missing_lines": 0, "excluded_lines": 0, "percent_statements_covered": 100.0, "percent_statements_covered_display": "100"}, "missing_lines": [], "excluded_lines": [], "start_line": 1349}, "ComputationEngine._compute_excess_solar_signals": {"executed_lines": [1367], "summary": {"covered_lines": 1, "num_statements": 1, "percent_covered": 100.0, "percent_covered_display": "100", "missing_lines": 0, "excluded_lines": 0, "percent_statements_covered": 100.0, "percent_statements_covered_display": "100"}, "missing_lines": [], "excluded_lines": [], "start_line": 1361}, "ComputationEngine.async_compute_forecast_accuracy": {"executed_lines": [], "summary": {"covered_lines": 0, "num_statements": 1, "percent_covered": 0.0, "percent_covered_display": "0", "missing_lines": 1, "excluded_lines": 0, "percent_statements_covered": 0.0, "percent_statements_covered_display": "0"}, "missing_lines": [1375], "excluded_lines": [], "start_line": 1373}, "ComputationEngine._populate_weather_diagnostics": {"executed_lines": [1383], "summary": {"covered_lines": 1, "num_statements": 1, "percent_covered": 100.0, "percent_covered_display": "100", "missing_lines": 0, "excluded_lines": 0, "percent_statements_covered": 100.0, "percent_statements_covered_display": "100"}, "missing_lines": [], "excluded_lines": [], "start_line": 1381}, "ComputationEngine._get_price_sensor_update_time": {"executed_lines": [], "summary": {"covered_lines": 0, "num_statements": 22, "percent_covered": 0.0, "percent_covered_display": "0", "missing_lines": 22, "excluded_lines": 0, "percent_statements_covered": 0.0, "percent_statements_covered_display": "0"}, "missing_lines": [1402, 1404, 1405, 1407, 1413, 1414, 1418, 1420, 1421, 1422, 1427, 1428, 1429, 1434, 1435, 1440, 1443, 1444, 1445, 1447, 1448, 1449], "excluded_lines": [], "start_line": 1392}, "": {"executed_lines": [3, 5, 6, 7, 8, 10, 11, 12, 14, 29, 30, 31, 32, 42, 43, 44, 45, 70, 73, 74, 78, 80, 83, 86, 175, 348, 537, 604, 622, 659, 676, 687, 698, 747, 767, 794, 870, 903, 966, 997, 1008, 1015, 1016, 1020, 1021, 1025, 1026, 1030, 1031, 1035, 1036, 1040, 1041, 1045, 1046, 1050, 1057, 1071, 1085, 1086, 1090, 1099, 1100, 1108, 1109, 1117, 1118, 1125, 1133, 1146, 1206, 1240, 1263, 1306, 1340, 1341, 1349, 1361, 1373, 1381, 1392], "summary": {"covered_lines": 81, "num_statements": 81, "percent_covered": 100.0, "percent_covered_display": "100", "missing_lines": 0, "excluded_lines": 0, "percent_statements_covered": 100.0, "percent_statements_covered_display": "100"}, "missing_lines": [], "excluded_lines": [], "start_line": 1}}, "classes": {"ComputationEngine": {"executed_lines": [101, 102, 103, 104, 107, 108, 111, 114, 117, 120, 123, 129, 136, 143, 156, 157, 160, 163, 164, 165, 166, 169, 181, 184, 187, 190, 193, 194, 195, 196, 199, 203, 206, 211, 212, 218, 219, 220, 222, 225, 233, 240, 243, 247, 248, 249, 250, 255, 259, 260, 261, 262, 266, 270, 274, 275, 279, 285, 286, 287, 291, 295, 300, 305, 308, 315, 322, 326, 328, 330, 339, 342, 357, 361, 364, 365, 366, 369, 370, 371, 372, 375, 376, 380, 383, 384, 388, 391, 392, 393, 395, 408, 410, 412, 413, 417, 423, 424, 429, 432, 435, 438, 441, 447, 450, 459, 463, 466, 469, 475, 476, 481, 484, 487, 490, 491, 494, 497, 498, 500, 501, 506, 512, 513, 514, 516, 529, 530, 534, 535, 553, 554, 555, 559, 560, 563, 566, 569, 570, 571, 573, 574, 579, 582, 585, 586, 588, 589, 597, 598, 601, 634, 635, 636, 638, 639, 640, 641, 642, 649, 651, 652, 668, 680, 691, 707, 709, 710, 711, 714, 715, 722, 725, 726, 729, 730, 731, 733, 734, 737, 740, 742, 743, 755, 756, 759, 760, 761, 773, 804, 806, 809, 811, 815, 820, 823, 827, 828, 829, 832, 835, 836, 843, 844, 848, 854, 857, 862, 879, 881, 882, 883, 893, 898, 899, 914, 920, 921, 922, 924, 939, 940, 943, 946, 947, 948, 949, 950, 951, 970, 971, 972, 973, 974, 979, 991, 992, 994, 995, 1004, 1013, 1033, 1055, 1073, 1074, 1075, 1076, 1088, 1097, 1106, 1115, 1123, 1135, 1136, 1138, 1141, 1151, 1155, 1156, 1203, 1204, 1245, 1249, 1253, 1254, 1255, 1258, 1259, 1260, 1261, 1315, 1316, 1319, 1355, 1367, 1383], "summary": {"covered_lines": 276, "num_statements": 423, "percent_covered": 65.2482269503546, "percent_covered_display": "65", "missing_lines": 147, "excluded_lines": 0, "percent_statements_covered": 65.2482269503546, "percent_statements_covered_display": "65"}, "missing_lines": [325, 327, 331, 333, 385, 454, 564, 572, 575, 576, 580, 602, 614, 615, 616, 732, 735, 736, 738, 745, 837, 840, 864, 865, 925, 930, 931, 932, 933, 936, 957, 958, 963, 964, 993, 1018, 1023, 1028, 1038, 1043, 1048, 1069, 1081, 1082, 1083, 1127, 1142, 1143, 1144, 1152, 1153, 1157, 1158, 1159, 1161, 1164, 1165, 1167, 1168, 1169, 1170, 1171, 1172, 1173, 1174, 1176, 1178, 1179, 1180, 1181, 1183, 1184, 1185, 1187, 1194, 1195, 1196, 1197, 1200, 1202, 1211, 1212, 1214, 1216, 1223, 1224, 1226, 1231, 1232, 1233, 1234, 1250, 1251, 1256, 1257, 1272, 1273, 1275, 1279, 1280, 1283, 1284, 1285, 1287, 1288, 1289, 1291, 1292, 1295, 1302, 1303, 1304, 1321, 1325, 1326, 1327, 1329, 1330, 1331, 1335, 1336, 1337, 1338, 1343, 1375, 1402, 1404, 1405, 1407, 1413, 1414, 1418, 1420, 1421, 1422, 1427, 1428, 1429, 1434, 1435, 1440, 1443, 1444, 1445, 1447, 1448, 1449], "excluded_lines": [], "start_line": 83}, "": {"executed_lines": [3, 5, 6, 7, 8, 10, 11, 12, 14, 29, 30, 31, 32, 42, 43, 44, 45, 70, 73, 74, 78, 80, 83, 86, 175, 348, 537, 604, 622, 659, 676, 687, 698, 747, 767, 794, 870, 903, 966, 997, 1008, 1015, 1016, 1020, 1021, 1025, 1026, 1030, 1031, 1035, 1036, 1040, 1041, 1045, 1046, 1050, 1057, 1071, 1085, 1086, 1090, 1099, 1100, 1108, 1109, 1117, 1118, 1125, 1133, 1146, 1206, 1240, 1263, 1306, 1340, 1341, 1349, 1361, 1373, 1381, 1392], "summary": {"covered_lines": 81, "num_statements": 81, "percent_covered": 100.0, "percent_covered_display": "100", "missing_lines": 0, "excluded_lines": 0, "percent_statements_covered": 100.0, "percent_statements_covered_display": "100"}, "missing_lines": [], "excluded_lines": [], "start_line": 1}}}, "custom_components/localshift/computation_engine_lib/__init__.py": {"executed_lines": [3, 8, 9, 10, 11, 12, 13, 18, 19, 25, 30, 31, 32, 38, 39, 48, 50], "summary": {"covered_lines": 17, "num_statements": 17, "percent_covered": 100.0, "percent_covered_display": "100", "missing_lines": 0, "excluded_lines": 0, "percent_statements_covered": 100.0, "percent_statements_covered_display": "100"}, "missing_lines": [], "excluded_lines": [], "functions": {"": {"executed_lines": [3, 8, 9, 10, 11, 12, 13, 18, 19, 25, 30, 31, 32, 38, 39, 48, 50], "summary": {"covered_lines": 17, "num_statements": 17, "percent_covered": 100.0, "percent_covered_display": "100", "missing_lines": 0, "excluded_lines": 0, "percent_statements_covered": 100.0, "percent_statements_covered_display": "100"}, "missing_lines": [], "excluded_lines": [], "start_line": 1}}, "classes": {"": {"executed_lines": [3, 8, 9, 10, 11, 12, 13, 18, 19, 25, 30, 31, 32, 38, 39, 48, 50], "summary": {"covered_lines": 17, "num_statements": 17, "percent_covered": 100.0, "percent_covered_display": "100", "missing_lines": 0, "excluded_lines": 0, "percent_statements_covered": 100.0, "percent_statements_covered_display": "100"}, "missing_lines": [], "excluded_lines": [], "start_line": 1}}}, "custom_components/localshift/computation_engine_lib/change_tracker.py": {"executed_lines": [], "summary": {"covered_lines": 0, "num_statements": 56, "percent_covered": 0.0, "percent_covered_display": "0", "missing_lines": 56, "excluded_lines": 0, "percent_statements_covered": 0.0, "percent_statements_covered_display": "0"}, "missing_lines": [3, 5, 6, 8, 11, 18, 20, 21, 22, 23, 26, 29, 30, 34, 61, 62, 63, 66, 67, 68, 73, 74, 75, 76, 77, 78, 80, 81, 85, 86, 87, 88, 90, 91, 92, 93, 98, 99, 100, 101, 102, 103, 107, 108, 109, 110, 111, 112, 115, 117, 126, 127, 128, 129, 130, 131], "excluded_lines": [], "functions": {"ForecastChangeTracker.__init__": {"executed_lines": [], "summary": {"covered_lines": 0, "num_statements": 7, "percent_covered": 0.0, "percent_covered_display": "0", "missing_lines": 7, "excluded_lines": 0, "percent_statements_covered": 0.0, "percent_statements_covered_display": "0"}, "missing_lines": [20, 21, 22, 23, 26, 29, 30], "excluded_lines": [], "start_line": 18}, "ForecastChangeTracker.should_recompute_forecast": {"executed_lines": [], "summary": {"covered_lines": 0, "num_statements": 35, "percent_covered": 0.0, "percent_covered_display": "0", "missing_lines": 35, "excluded_lines": 0, "percent_statements_covered": 0.0, "percent_statements_covered_display": "0"}, "missing_lines": [61, 62, 63, 66, 67, 68, 73, 74, 75, 76, 77, 78, 80, 81, 85, 86, 87, 88, 90, 91, 92, 93, 98, 99, 100, 101, 102, 103, 107, 108, 109, 110, 111, 112, 115], "excluded_lines": [], "start_line": 34}, "ForecastChangeTracker._update_cache": {"executed_lines": [], "summary": {"covered_lines": 0, "num_statements": 6, "percent_covered": 0.0, "percent_covered_display": "0", "missing_lines": 6, "excluded_lines": 0, "percent_statements_covered": 0.0, "percent_statements_covered_display": "0"}, "missing_lines": [126, 127, 128, 129, 130, 131], "excluded_lines": [], "start_line": 117}, "": {"executed_lines": [], "summary": {"covered_lines": 0, "num_statements": 8, "percent_covered": 0.0, "percent_covered_display": "0", "missing_lines": 8, "excluded_lines": 0, "percent_statements_covered": 0.0, "percent_statements_covered_display": "0"}, "missing_lines": [3, 5, 6, 8, 11, 18, 34, 117], "excluded_lines": [], "start_line": 1}}, "classes": {"ForecastChangeTracker": {"executed_lines": [], "summary": {"covered_lines": 0, "num_statements": 48, "percent_covered": 0.0, "percent_covered_display": "0", "missing_lines": 48, "excluded_lines": 0, "percent_statements_covered": 0.0, "percent_statements_covered_display": "0"}, "missing_lines": [20, 21, 22, 23, 26, 29, 30, 61, 62, 63, 66, 67, 68, 73, 74, 75, 76, 77, 78, 80, 81, 85, 86, 87, 88, 90, 91, 92, 93, 98, 99, 100, 101, 102, 103, 107, 108, 109, 110, 111, 112, 115, 126, 127, 128, 129, 130, 131], "excluded_lines": [], "start_line": 11}, "": {"executed_lines": [], "summary": {"covered_lines": 0, "num_statements": 8, "percent_covered": 0.0, "percent_covered_display": "0", "missing_lines": 8, "excluded_lines": 0, "percent_statements_covered": 0.0, "percent_statements_covered_display": "0"}, "missing_lines": [3, 5, 6, 8, 11, 18, 34, 117], "excluded_lines": [], "start_line": 1}}}, "custom_components/localshift/computation_engine_lib/decision_outcome_tracker.py": {"executed_lines": [10, 12, 13, 14, 15, 16, 18, 19, 21, 22, 23, 30, 33, 42, 50, 53, 56, 57, 67, 68, 69, 70, 71, 72, 73, 74, 75, 76, 77, 78, 79, 80, 83, 84, 85, 86, 87, 88, 89, 91, 93, 117, 118, 126, 127, 128, 129, 131, 132, 133, 141, 142, 144, 173, 185, 192, 193, 196, 197, 202, 203, 204, 211, 213, 232, 235, 240, 247, 248, 251, 274, 277, 278, 279, 285, 295, 308, 311, 314, 315, 318, 322, 323, 327, 330, 334, 338, 341, 342, 343, 344, 345, 346, 349, 352, 355, 357, 365, 388, 435, 450, 454, 455, 461, 462, 465, 467, 471, 476, 477, 483, 484, 487, 491, 495, 502, 503, 504, 508, 509, 511, 513, 514, 515, 516, 520, 521, 524, 526, 535, 536, 538, 542, 550, 551, 559, 560, 563, 566, 576, 579, 590, 593, 596, 597, 599, 600, 601, 604, 605, 609, 618, 627, 628, 630, 636, 640, 641, 647, 653, 655, 656, 657, 704, 705, 707, 709, 710, 712, 714, 715, 719], "summary": {"covered_lines": 172, "num_statements": 234, "percent_covered": 73.5042735042735, "percent_covered_display": "74", "missing_lines": 62, "excluded_lines": 3, "percent_statements_covered": 73.5042735042735, "percent_statements_covered_display": "74"}, "missing_lines": [134, 135, 139, 309, 328, 375, 378, 379, 380, 381, 382, 385, 386, 401, 404, 405, 411, 414, 415, 416, 419, 422, 425, 427, 464, 473, 493, 497, 512, 567, 568, 569, 570, 571, 572, 574, 580, 660, 661, 663, 664, 665, 666, 667, 668, 671, 672, 674, 675, 676, 679, 680, 681, 685, 688, 689, 690, 695, 696, 698, 717, 721], "excluded_lines": [25, 26, 28], "functions": {"DecisionRecord.to_dict": {"executed_lines": [93], "summary": {"covered_lines": 1, "num_statements": 1, "percent_covered": 100.0, "percent_covered_display": "100", "missing_lines": 0, "excluded_lines": 0, "percent_statements_covered": 100.0, "percent_statements_covered_display": "100"}, "missing_lines": [], "excluded_lines": [], "start_line": 91}, "DecisionRecord._parse_action": {"executed_lines": [126, 127, 128, 129, 131, 132, 133], "summary": {"covered_lines": 7, "num_statements": 10, "percent_covered": 70.0, "percent_covered_display": "70", "missing_lines": 3, "excluded_lines": 0, "percent_statements_covered": 70.0, "percent_statements_covered_display": "70"}, "missing_lines": [134, 135, 139], "excluded_lines": [], "start_line": 118}, "DecisionRecord.from_dict": {"executed_lines": [144], "summary": {"covered_lines": 1, "num_statements": 1, "percent_covered": 100.0, "percent_covered_display": "100", "missing_lines": 0, "excluded_lines": 0, "percent_statements_covered": 100.0, "percent_statements_covered_display": "100"}, "missing_lines": [], "excluded_lines": [], "start_line": 142}, "DecisionOutcomeTracker.__init__": {"executed_lines": [192, 193, 196, 197, 202, 203, 204, 211], "summary": {"covered_lines": 8, "num_statements": 8, "percent_covered": 100.0, "percent_covered_display": "100", "missing_lines": 0, "excluded_lines": 0, "percent_statements_covered": 100.0, "percent_statements_covered_display": "100"}, "missing_lines": [], "excluded_lines": [], "start_line": 185}, "DecisionOutcomeTracker.record_decision": {"executed_lines": [232, 235, 240, 247, 248, 251, 274, 277, 278, 279, 285], "summary": {"covered_lines": 11, "num_statements": 11, "percent_covered": 100.0, "percent_covered_display": "100", "missing_lines": 0, "excluded_lines": 0, "percent_statements_covered": 100.0, "percent_statements_covered_display": "100"}, "missing_lines": [], "excluded_lines": [], "start_line": 213}, "DecisionOutcomeTracker._backfill_pending_decision": {"executed_lines": [308, 311, 314, 315, 318, 322, 323, 327, 330, 334, 338, 341, 342, 343, 344, 345, 346, 349, 352, 355, 357], "summary": {"covered_lines": 21, "num_statements": 23, "percent_covered": 91.30434782608695, "percent_covered_display": "91", "missing_lines": 2, "excluded_lines": 0, "percent_statements_covered": 91.30434782608695, "percent_statements_covered_display": "91"}, "missing_lines": [309, 328], "excluded_lines": [], "start_line": 295}, "DecisionOutcomeTracker.backfill_outcomes": {"executed_lines": [], "summary": {"covered_lines": 0, "num_statements": 8, "percent_covered": 0.0, "percent_covered_display": "0", "missing_lines": 8, "excluded_lines": 0, "percent_statements_covered": 0.0, "percent_statements_covered_display": "0"}, "missing_lines": [375, 378, 379, 380, 381, 382, 385, 386], "excluded_lines": [], "start_line": 365}, "DecisionOutcomeTracker._backfill_timedout_decision": {"executed_lines": [], "summary": {"covered_lines": 0, "num_statements": 11, "percent_covered": 0.0, "percent_covered_display": "0", "missing_lines": 11, "excluded_lines": 0, "percent_statements_covered": 0.0, "percent_statements_covered_display": "0"}, "missing_lines": [401, 404, 405, 411, 414, 415, 416, 419, 422, 425, 427], "excluded_lines": [], "start_line": 388}, "DecisionOutcomeTracker.compute_outcome_score": {"executed_lines": [450, 454, 455, 461, 462, 465, 467, 471, 476, 477, 483, 484, 487, 491, 495, 502, 503, 504, 508, 509, 511, 513, 514, 515, 516, 520, 521, 524], "summary": {"covered_lines": 28, "num_statements": 33, "percent_covered": 84.84848484848484, "percent_covered_display": "85", "missing_lines": 5, "excluded_lines": 0, "percent_statements_covered": 84.84848484848484, "percent_statements_covered_display": "85"}, "missing_lines": [464, 473, 493, 497, 512], "excluded_lines": [], "start_line": 435}, "DecisionOutcomeTracker.get_recent_decisions": {"executed_lines": [535, 536, 538], "summary": {"covered_lines": 3, "num_statements": 3, "percent_covered": 100.0, "percent_covered_display": "100", "missing_lines": 0, "excluded_lines": 0, "percent_statements_covered": 100.0, "percent_statements_covered_display": "100"}, "missing_lines": [], "excluded_lines": [], "start_line": 526}, "DecisionOutcomeTracker.get_daily_summary": {"executed_lines": [550, 551, 559, 560, 563, 566, 576, 579, 590, 593, 596, 597, 599, 600, 601, 604, 605, 609], "summary": {"covered_lines": 18, "num_statements": 26, "percent_covered": 69.23076923076923, "percent_covered_display": "69", "missing_lines": 8, "excluded_lines": 0, "percent_statements_covered": 69.23076923076923, "percent_statements_covered_display": "69"}, "missing_lines": [567, 568, 569, 570, 571, 572, 574, 580], "excluded_lines": [], "start_line": 542}, "DecisionOutcomeTracker.get_decision_log": {"executed_lines": [627, 628], "summary": {"covered_lines": 2, "num_statements": 2, "percent_covered": 100.0, "percent_covered_display": "100", "missing_lines": 0, "excluded_lines": 0, "percent_statements_covered": 100.0, "percent_statements_covered_display": "100"}, "missing_lines": [], "excluded_lines": [], "start_line": 618}, "DecisionOutcomeTracker.async_save": {"executed_lines": [636, 640, 641], "summary": {"covered_lines": 3, "num_statements": 3, "percent_covered": 100.0, "percent_covered_display": "100", "missing_lines": 0, "excluded_lines": 0, "percent_statements_covered": 100.0, "percent_statements_covered_display": "100"}, "missing_lines": [], "excluded_lines": [], "start_line": 630}, "DecisionOutcomeTracker.async_load": {"executed_lines": [653, 655, 656, 657], "summary": {"covered_lines": 4, "num_statements": 27, "percent_covered": 14.814814814814815, "percent_covered_display": "15", "missing_lines": 23, "excluded_lines": 0, "percent_statements_covered": 14.814814814814815, "percent_statements_covered_display": "15"}, "missing_lines": [660, 661, 663, 664, 665, 666, 667, 668, 671, 672, 674, 675, 676, 679, 680, 681, 685, 688, 689, 690, 695, 696, 698], "excluded_lines": [], "start_line": 647}, "DecisionOutcomeTracker.pending_count": {"executed_lines": [707], "summary": {"covered_lines": 1, "num_statements": 1, "percent_covered": 100.0, "percent_covered_display": "100", "missing_lines": 0, "excluded_lines": 0, "percent_statements_covered": 100.0, "percent_statements_covered_display": "100"}, "missing_lines": [], "excluded_lines": [], "start_line": 705}, "DecisionOutcomeTracker.completed_count": {"executed_lines": [712], "summary": {"covered_lines": 1, "num_statements": 1, "percent_covered": 100.0, "percent_covered_display": "100", "missing_lines": 0, "excluded_lines": 0, "percent_statements_covered": 100.0, "percent_statements_covered_display": "100"}, "missing_lines": [], "excluded_lines": [], "start_line": 710}, "DecisionOutcomeTracker.save_pending": {"executed_lines": [], "summary": {"covered_lines": 0, "num_statements": 1, "percent_covered": 0.0, "percent_covered_display": "0", "missing_lines": 1, "excluded_lines": 0, "percent_statements_covered": 0.0, "percent_statements_covered_display": "0"}, "missing_lines": [717], "excluded_lines": [], "start_line": 715}, "DecisionOutcomeTracker.clear_save_pending": {"executed_lines": [], "summary": {"covered_lines": 0, "num_statements": 1, "percent_covered": 0.0, "percent_covered_display": "0", "missing_lines": 1, "excluded_lines": 0, "percent_statements_covered": 0.0, "percent_statements_covered_display": "0"}, "missing_lines": [721], "excluded_lines": [], "start_line": 719}, "": {"executed_lines": [10, 12, 13, 14, 15, 16, 18, 19, 21, 22, 23, 30, 33, 42, 50, 53, 56, 57, 67, 68, 69, 70, 71, 72, 73, 74, 75, 76, 77, 78, 79, 80, 83, 84, 85, 86, 87, 88, 89, 91, 117, 118, 141, 142, 173, 185, 213, 295, 365, 388, 435, 526, 542, 618, 630, 647, 704, 705, 709, 710, 714, 715, 719], "summary": {"covered_lines": 63, "num_statements": 63, "percent_covered": 100.0, "percent_covered_display": "100", "missing_lines": 0, "excluded_lines": 3, "percent_statements_covered": 100.0, "percent_statements_covered_display": "100"}, "missing_lines": [], "excluded_lines": [25, 26, 28], "start_line": 1}}, "classes": {"DecisionRecord": {"executed_lines": [93, 126, 127, 128, 129, 131, 132, 133, 144], "summary": {"covered_lines": 9, "num_statements": 12, "percent_covered": 75.0, "percent_covered_display": "75", "missing_lines": 3, "excluded_lines": 0, "percent_statements_covered": 75.0, "percent_statements_covered_display": "75"}, "missing_lines": [134, 135, 139], "excluded_lines": [], "start_line": 57}, "DecisionOutcomeTracker": {"executed_lines": [192, 193, 196, 197, 202, 203, 204, 211, 232, 235, 240, 247, 248, 251, 274, 277, 278, 279, 285, 308, 311, 314, 315, 318, 322, 323, 327, 330, 334, 338, 341, 342, 343, 344, 345, 346, 349, 352, 355, 357, 450, 454, 455, 461, 462, 465, 467, 471, 476, 477, 483, 484, 487, 491, 495, 502, 503, 504, 508, 509, 511, 513, 514, 515, 516, 520, 521, 524, 535, 536, 538, 550, 551, 559, 560, 563, 566, 576, 579, 590, 593, 596, 597, 599, 600, 601, 604, 605, 609, 627, 628, 636, 640, 641, 653, 655, 656, 657, 707, 712], "summary": {"covered_lines": 100, "num_statements": 159, "percent_covered": 62.893081761006286, "percent_covered_display": "63", "missing_lines": 59, "excluded_lines": 0, "percent_statements_covered": 62.893081761006286, "percent_statements_covered_display": "63"}, "missing_lines": [309, 328, 375, 378, 379, 380, 381, 382, 385, 386, 401, 404, 405, 411, 414, 415, 416, 419, 422, 425, 427, 464, 473, 493, 497, 512, 567, 568, 569, 570, 571, 572, 574, 580, 660, 661, 663, 664, 665, 666, 667, 668, 671, 672, 674, 675, 676, 679, 680, 681, 685, 688, 689, 690, 695, 696, 698, 717, 721], "excluded_lines": [], "start_line": 173}, "": {"executed_lines": [10, 12, 13, 14, 15, 16, 18, 19, 21, 22, 23, 30, 33, 42, 50, 53, 56, 57, 67, 68, 69, 70, 71, 72, 73, 74, 75, 76, 77, 78, 79, 80, 83, 84, 85, 86, 87, 88, 89, 91, 117, 118, 141, 142, 173, 185, 213, 295, 365, 388, 435, 526, 542, 618, 630, 647, 704, 705, 709, 710, 714, 715, 719], "summary": {"covered_lines": 63, "num_statements": 63, "percent_covered": 100.0, "percent_covered_display": "100", "missing_lines": 0, "excluded_lines": 3, "percent_statements_covered": 100.0, "percent_statements_covered_display": "100"}, "missing_lines": [], "excluded_lines": [25, 26, 28], "start_line": 1}}}, "custom_components/localshift/computation_engine_lib/excess_solar.py": {"executed_lines": [3, 5, 6, 8, 9, 11, 16, 17, 18, 21, 24, 31, 32, 33, 35, 65, 66, 67, 68, 70, 71, 72, 73, 74, 77, 78, 79, 81, 82, 89, 90, 92, 94, 97, 98, 99, 100, 101, 104, 105, 106, 109, 111, 118, 134, 135, 136, 138, 139, 140, 142, 143, 144, 145, 147, 148, 150, 153, 156, 158, 186, 187, 189, 190, 191, 192, 194, 197, 198, 200, 201, 202, 204, 205, 212, 213, 215, 224, 226, 264, 265, 269, 270, 272, 273, 289, 292, 299, 322, 323, 331, 334, 335, 338, 339], "summary": {"covered_lines": 95, "num_statements": 119, "percent_covered": 79.83193277310924, "percent_covered_display": "80", "missing_lines": 24, "excluded_lines": 0, "percent_statements_covered": 79.83193277310924, "percent_statements_covered_display": "80"}, "missing_lines": [154, 216, 218, 219, 220, 222, 294, 297, 332, 347, 350, 351, 360, 361, 363, 365, 366, 369, 377, 379, 380, 388, 389, 398], "excluded_lines": [], "functions": {"ExcessSolarEngine.__init__": {"executed_lines": [31, 32, 33], "summary": {"covered_lines": 3, "num_statements": 3, "percent_covered": 100.0, "percent_covered_display": "100", "missing_lines": 0, "excluded_lines": 0, "percent_statements_covered": 100.0, "percent_statements_covered_display": "100"}, "missing_lines": [], "excluded_lines": [], "start_line": 24}, "ExcessSolarEngine._calculate_excess_by_windows": {"executed_lines": [65, 66, 67, 68, 70, 71, 72, 73, 74, 77, 78, 79, 81, 82, 89, 90, 92, 94, 97, 98, 99, 100, 101, 104, 105, 106, 109, 111], "summary": {"covered_lines": 28, "num_statements": 28, "percent_covered": 100.0, "percent_covered_display": "100", "missing_lines": 0, "excluded_lines": 0, "percent_statements_covered": 100.0, "percent_statements_covered_display": "100"}, "missing_lines": [], "excluded_lines": [], "start_line": 35}, "ExcessSolarEngine._find_nearest_negative_fit_window": {"executed_lines": [134, 135, 136, 138, 139, 140, 142, 143, 144, 145, 147, 148, 150, 153, 156], "summary": {"covered_lines": 15, "num_statements": 16, "percent_covered": 93.75, "percent_covered_display": "94", "missing_lines": 1, "excluded_lines": 0, "percent_statements_covered": 93.75, "percent_statements_covered_display": "94"}, "missing_lines": [154], "excluded_lines": [], "start_line": 118}
[...]
736842105263, "percent_statements_covered_display": "79"}, "missing_lines": [323, 324, 331, 332], "excluded_lines": [], "start_line": 291}, "StateReader.check_automation_ready": {"executed_lines": [369, 370, 374, 375, 376, 381, 382, 383, 388, 391, 392, 397, 400, 401, 406, 407, 408, 409, 412, 415, 416, 417, 419, 420, 427], "summary": {"covered_lines": 25, "num_statements": 30, "percent_covered": 83.33333333333333, "percent_covered_display": "83", "missing_lines": 5, "excluded_lines": 0, "percent_statements_covered": 83.33333333333333, "percent_statements_covered_display": "83"}, "missing_lines": [377, 384, 393, 402, 425], "excluded_lines": [], "start_line": 349}, "StateReader._read_float_attr": {"executed_lines": [], "summary": {"covered_lines": 0, "num_statements": 7, "percent_covered": 0.0, "percent_covered_display": "0", "missing_lines": 7, "excluded_lines": 0, "percent_statements_covered": 0.0, "percent_statements_covered_display": "0"}, "missing_lines": [440, 441, 442, 443, 444, 445, 446], "excluded_lines": [], "start_line": 429}, "": {"executed_lines": [3, 5, 6, 8, 9, 11, 30, 31, 33, 36, 39, 47, 59, 69, 86, 93, 97, 104, 160, 187, 291, 349, 429], "summary": {"covered_lines": 23, "num_statements": 23, "percent_covered": 100.0, "percent_covered_display": "100", "missing_lines": 0, "excluded_lines": 0, "percent_statements_covered": 100.0, "percent_statements_covered_display": "100"}, "missing_lines": [], "excluded_lines": [], "start_line": 1}}, "classes": {"StateReader": {"executed_lines": [43, 44, 45, 53, 54, 57, 61, 62, 63, 64, 65, 66, 67, 78, 79, 80, 81, 82, 83, 84, 88, 89, 90, 91, 95, 99, 100, 101, 102, 106, 107, 108, 110, 111, 112, 113, 117, 119, 120, 121, 124, 125, 126, 128, 134, 135, 143, 144, 151, 153, 158, 162, 163, 165, 166, 167, 171, 172, 173, 174, 175, 177, 178, 181, 182, 183, 185, 194, 197, 200, 203, 206, 207, 210, 213, 219, 220, 222, 223, 227, 231, 232, 237, 239, 241, 242, 247, 249, 251, 252, 257, 260, 266, 274, 275, 277, 278, 280, 289, 306, 310, 311, 312, 313, 315, 317, 318, 319, 320, 322, 327, 328, 335, 342, 369, 370, 374, 375, 376, 381, 382, 383, 388, 391, 392, 397, 400, 401, 406, 407, 408, 409, 412, 415, 416, 417, 419, 420, 427], "summary": {"covered_lines": 139, "num_statements": 155, "percent_covered": 89.6774193548387, "percent_covered_display": "90", "missing_lines": 16, "excluded_lines": 0, "percent_statements_covered": 89.6774193548387, "percent_statements_covered_display": "90"}, "missing_lines": [323, 324, 331, 332, 377, 384, 393, 402, 425, 440, 441, 442, 443, 444, 445, 446], "excluded_lines": [], "start_line": 36}, "": {"executed_lines": [3, 5, 6, 8, 9, 11, 30, 31, 33, 36, 39, 47, 59, 69, 86, 93, 97, 104, 160, 187, 291, 349, 429], "summary": {"covered_lines": 23, "num_statements": 23, "percent_covered": 100.0, "percent_covered_display": "100", "missing_lines": 0, "excluded_lines": 0, "percent_statements_covered": 100.0, "percent_statements_covered_display": "100"}, "missing_lines": [], "excluded_lines": [], "start_line": 1}}}, "custom_components/localshift/switch.py": {"executed_lines": [], "summary": {"covered_lines": 0, "num_statements": 61, "percent_covered": 0.0, "percent_covered_display": "0", "missing_lines": 61, "excluded_lines": 0, "percent_statements_covered": 0.0, "percent_statements_covered_display": "0"}, "missing_lines": [10, 12, 14, 15, 16, 17, 18, 20, 37, 39, 42, 44, 60, 66, 68, 70, 73, 76, 78, 85, 86, 87, 90, 91, 93, 94, 95, 98, 100, 101, 103, 111, 112, 114, 116, 118, 119, 120, 123, 124, 125, 127, 128, 131, 132, 133, 134, 137, 139, 141, 142, 143, 146, 147, 148, 150, 151, 154, 156, 157, 162], "excluded_lines": [], "functions": {"async_setup_entry": {"executed_lines": [], "summary": {"covered_lines": 0, "num_statements": 3, "percent_covered": 0.0, "percent_covered_display": "0", "missing_lines": 3, "excluded_lines": 0, "percent_statements_covered": 0.0, "percent_statements_covered_display": "0"}, "missing_lines": [66, 68, 70], "excluded_lines": [], "start_line": 60}, "LocalShiftSwitch.__init__": {"executed_lines": [], "summary": {"covered_lines": 0, "num_statements": 9, "percent_covered": 0.0, "percent_covered_display": "0", "missing_lines": 9, "excluded_lines": 0, "percent_statements_covered": 0.0, "percent_statements_covered_display": "0"}, "missing_lines": [85, 86, 87, 90, 91, 93, 94, 95, 98], "excluded_lines": [], "start_line": 78}, "LocalShiftSwitch.device_info": {"executed_lines": [], "summary": {"covered_lines": 0, "num_statements": 1, "percent_covered": 0.0, "percent_covered_display": "0", "missing_lines": 1, "excluded_lines": 0, "percent_statements_covered": 0.0, "percent_statements_covered_display": "0"}, "missing_lines": [103], "excluded_lines": [], "start_line": 101}, "LocalShiftSwitch.is_on": {"executed_lines": [], "summary": {"covered_lines": 0, "num_statements": 1, "percent_covered": 0.0, "percent_covered_display": "0", "missing_lines": 1, "excluded_lines": 0, "percent_statements_covered": 0.0, "percent_statements_covered_display": "0"}, "missing_lines": [114], "excluded_lines": [], "start_line": 112}, "LocalShiftSwitch.async_turn_on": {"executed_lines": [], "summary": {"covered_lines": 0, "num_statements": 13, "percent_covered": 0.0, "percent_covered_display": "0", "missing_lines": 13, "excluded_lines": 0, "percent_statements_covered": 0.0, "percent_statements_covered_display": "0"}, "missing_lines": [118, 119, 120, 123, 124, 125, 127, 128, 131, 132, 133, 134, 137], "excluded_lines": [], "start_line": 116}, "LocalShiftSwitch.async_turn_off": {"executed_lines": [], "summary": {"covered_lines": 0, "num_statements": 12, "percent_covered": 0.0, "percent_covered_display": "0", "missing_lines": 12, "excluded_lines": 0, "percent_statements_covered": 0.0, "percent_statements_covered_display": "0"}, "missing_lines": [141, 142, 143, 146, 147, 148, 150, 151, 154, 156, 157, 162], "excluded_lines": [], "start_line": 139}, "": {"executed_lines": [], "summary": {"covered_lines": 0, "num_statements": 22, "percent_covered": 0.0, "percent_covered_display": "0", "missing_lines": 22, "excluded_lines": 0, "percent_statements_covered": 0.0, "percent_statements_covered_display": "0"}, "missing_lines": [10, 12, 14, 15, 16, 17, 18, 20, 37, 39, 42, 44, 60, 73, 76, 78, 100, 101, 111, 112, 116, 139], "excluded_lines": [], "start_line": 1}}, "classes": {"LocalShiftSwitch": {"executed_lines": [], "summary": {"covered_lines": 0, "num_statements": 36, "percent_covered": 0.0, "percent_covered_display": "0", "missing_lines": 36, "excluded_lines": 0, "percent_statements_covered": 0.0, "percent_statements_covered_display": "0"}, "missing_lines": [85, 86, 87, 90, 91, 93, 94, 95, 98, 103, 114, 118, 119, 120, 123, 124, 125, 127, 128, 131, 132, 133, 134, 137, 141, 142, 143, 146, 147, 148, 150, 151, 154, 156, 157, 162], "excluded_lines": [], "start_line": 73}, "": {"executed_lines": [], "summary": {"covered_lines": 0, "num_statements": 25, "percent_covered": 0.0, "percent_covered_display": "0", "missing_lines": 25, "excluded_lines": 0, "percent_statements_covered": 0.0, "percent_statements_covered_display": "0"}, "missing_lines": [10, 12, 14, 15, 16, 17, 18, 20, 37, 39, 42, 44, 60, 66, 68, 70, 73, 76, 78, 100, 101, 111, 112, 116, 139], "excluded_lines": [], "start_line": 1}}}, "custom_components/localshift/weather_correlation.py": {"executed_lines": [15, 17, 18, 19, 20, 22, 23, 24, 25, 27, 36, 39, 40, 43, 44, 47, 50, 51, 63, 64, 65, 66, 67, 68, 70, 81, 82, 94, 95, 107, 108, 109, 110, 111, 114, 116, 130, 131, 150, 151, 160, 161, 162, 165, 174, 185, 186, 187, 190, 191, 194, 199, 200, 202, 204, 207, 232, 237, 304, 317, 546, 565, 659, 721, 737, 788], "summary": {"covered_lines": 66, "num_statements": 294, "percent_covered": 22.448979591836736, "percent_covered_display": "22", "missing_lines": 228, "excluded_lines": 0, "percent_statements_covered": 22.448979591836736, "percent_statements_covered_display": "22"}, "missing_lines": [72, 84, 118, 133, 134, 135, 136, 140, 205, 208, 209, 210, 219, 222, 225, 228, 230, 234, 235, 243, 244, 245, 246, 248, 249, 250, 251, 253, 257, 258, 260, 267, 269, 270, 271, 273, 274, 275, 276, 277, 278, 281, 282, 283, 285, 286, 288, 296, 302, 313, 332, 333, 334, 335, 338, 339, 344, 346, 347, 349, 352, 358, 363, 365, 368, 369, 377, 383, 384, 385, 395, 397, 400, 401, 402, 408, 409, 410, 417, 418, 419, 420, 421, 426, 428, 429, 432, 433, 434, 435, 436, 440, 442, 443, 444, 446, 447, 449, 450, 451, 452, 458, 459, 460, 461, 466, 470, 471, 472, 473, 479, 480, 481, 482, 487, 490, 491, 492, 493, 494, 500, 502, 503, 505, 513, 518, 523, 529, 530, 537, 538, 541, 542, 544, 552, 553, 554, 556, 557, 558, 560, 561, 562, 563, 578, 579, 580, 583, 584, 586, 589, 590, 593, 595, 596, 600, 601, 605, 606, 609, 614, 616, 618, 619, 620, 621, 624, 625, 627, 631, 635, 636, 639, 642, 643, 644, 646, 672, 673, 675, 677, 679, 682, 683, 685, 686, 689, 691, 692, 694, 696, 697, 698, 700, 702, 703, 704, 706, 708, 719, 730, 731, 732, 733, 735, 743, 748, 749, 750, 751, 752, 754, 755, 756, 757, 758, 759, 760, 761, 763, 764, 765, 766, 767, 768, 769, 771, 799], "excluded_lines": [], "functions": {"HourlyTemperatureCoefficients.to_dict": {"executed_lines": [], "summary": {"covered_lines": 0, "num_statements": 1, "percent_covered": 0.0, "percent_covered_display": "0", "missing_lines": 1, "excluded_lines": 0, "percent_statements_covered": 0.0, "percent_statements_covered_display": "0"}, "missing_lines": [72], "excluded_lines": [], "start_line": 70}, "HourlyTemperatureCoefficients.from_dict": {"executed_lines": [], "summary": {"covered_lines": 0, "num_statements": 1, "percent_covered": 0.0, "percent_covered_display": "0", "missing_lines": 1, "excluded_lines": 0, "percent_statements_covered": 0.0, "percent_statements_covered_display": "0"}, "missing_lines": [84], "excluded_lines": [], "start_line": 82}, "WeatherCorrelationData.to_dict": {"executed_lines": [], "summary": {"covered_lines": 0, "num_statements": 1, "percent_covered": 0.0, "percent_covered_display": "0", "missing_lines": 1, "excluded_lines": 0, "percent_statements_covered": 0.0, "percent_statements_covered_display": "0"}, "missing_lines": [118], "excluded_lines": [], "start_line": 116}, "WeatherCorrelationData.from_dict": {"executed_lines": [], "summary": {"covered_lines": 0, "num_statements": 5, "percent_covered": 0.0, "percent_covered_display": "0", "missing_lines": 5, "excluded_lines": 0, "percent_statements_covered": 0.0, "percent_statements_covered_display": "0"}, "missing_lines": [133, 134, 135, 136, 140], "excluded_lines": [], "start_line": 131}, "WeatherCorrelation.__init__": {"executed_lines": [185, 186, 187, 190, 191, 194, 199, 200], "summary": {"covered_lines": 8, "num_statements": 8, "percent_covered": 100.0, "percent_covered_display": "100", "missing_lines": 0, "excluded_lines": 0, "percent_statements_covered": 100.0, "percent_statements_covered_display": "100"}, "missing_lines": [], "excluded_lines": [], "start_line": 174}, "WeatherCorrelation.async_initialize": {"executed_lines": [204, 207], "summary": {"covered_lines": 2, "num_statements": 11, "percent_covered": 18.181818181818183, "percent_covered_display": "18", "missing_lines": 9, "excluded_lines": 0, "percent_statements_covered": 18.181818181818183, "percent_statements_covered_display": "18"}, "missing_lines": [205, 208, 209, 210, 219, 222, 225, 228, 230], "excluded_lines": [], "start_line": 202}, "WeatherCorrelation.async_save": {"executed_lines": [], "summary": {"covered_lines": 0, "num_statements": 2, "percent_covered": 0.0, "percent_covered_display": "0", "missing_lines": 2, "excluded_lines": 0, "percent_statements_covered": 0.0, "percent_statements_covered_display": "0"}, "missing_lines": [234, 235], "excluded_lines": [], "start_line": 232}, "WeatherCorrelation.get_temperature_forecast": {"executed_lines": [], "summary": {"covered_lines": 0, "num_statements": 30, "percent_covered": 0.0, "percent_covered_display": "0", "missing_lines": 30, "excluded_lines": 0, "percent_statements_covered": 0.0, "percent_statements_covered_display": "0"}, "missing_lines": [243, 244, 245, 246, 248, 249, 250, 251, 253, 257, 258, 260, 267, 269, 270, 271, 273, 274, 275, 276, 277, 278, 281, 282, 283, 285, 286, 288, 296, 302], "excluded_lines": [], "start_line": 237}, "WeatherCorrelation._refresh_weather_entity_from_config": {"executed_lines": [], "summary": {"covered_lines": 0, "num_statements": 1, "percent_covered": 0.0, "percent_covered_display": "0", "missing_lines": 1, "excluded_lines": 0, "percent_statements_covered": 0.0, "percent_statements_covered_display": "0"}, "missing_lines": [313], "excluded_lines": [], "start_line": 304}, "WeatherCorrelation.async_get_temperature_forecast": {"executed_lines": [], "summary": {"covered_lines": 0, "num_statements": 84, "percent_covered": 0.0, "percent_covered_display": "0", "missing_lines": 84, "excluded_lines": 0, "percent_statements_covered": 0.0, "percent_statements_covered_display": "0"}, "missing_lines": [332, 333, 334, 335, 338, 339, 344, 346, 347, 349, 352, 358, 363, 365, 368, 369, 377, 383, 384, 385, 395, 397, 400, 401, 402, 408, 409, 410, 417, 418, 419, 420, 421, 426, 428, 429, 432, 433, 434, 435, 436, 440, 442, 443, 444, 446, 447, 449, 450, 451, 452, 458, 459, 460, 461, 466, 470, 471, 472, 473, 479, 480, 481, 482, 487, 490, 491, 492, 493, 494, 500, 502, 503, 505, 513, 518, 523, 529, 530, 537, 538, 541, 542, 544], "excluded_lines": [], "start_line": 317}, "WeatherCorrelation.get_current_temperature": {"executed_lines": [], "summary": {"covered_lines": 0, "num_statements": 10, "percent_covered": 0.0, "percent_covered_display": "0", "missing_lines": 10, "excluded_lines": 0, "percent_statements_covered": 0.0, "percent_statements_covered_display": "0"}, "missing_lines": [552, 553, 554, 556, 557, 558, 560, 561, 562, 563], "excluded_lines": [], "start_line": 546}, "WeatherCorrelation.learn_from_sample": {"executed_lines": [], "summary": {"covered_lines": 0, "num_statements": 33, "percent_covered": 0.0, "percent_covered_display": "0", "missing_lines": 33, "excluded_lines": 0, "percent_statements_covered": 0.0, "percent_statements_covered_display": "0"}, "missing_lines": [578, 579, 580, 583, 584, 586, 589, 590, 593, 595, 596, 600, 601, 605, 606, 609, 614, 616, 618, 619, 620, 621, 624, 625, 627, 631, 635, 636, 639, 642, 643, 644, 646], "excluded_lines": [], "start_line": 565}, "WeatherCorrelation.predict_load": {"executed_lines": [], "summary": {"covered_lines": 0, "num_statements": 23, "percent_covered": 0.0, "percent_covered_display": "0", "missing_lines": 23, "excluded_lines": 0, "percent_statements_covered": 0.0, "percent_statements_covered_display": "0"}, "missing_lines": [672, 673, 675, 677, 679, 682, 683, 685, 686, 689, 691, 692, 694, 696, 697, 698, 700, 702, 703, 704, 706, 708, 719], "excluded_lines": [], "start_line": 659}, "WeatherCorrelation._calculate_confidence": {"executed_lines": [], "summary": {"covered_lines": 0, "num_statements": 5, "percent_covered": 0.0, "percent_covered_display": "0", "missing_lines": 5, "excluded_lines": 0, "percent_statements_covered": 0.0, "percent_statements_covered_display": "0"}, "missing_lines": [730, 731, 732, 733, 735], "excluded_lines": [], "start_line": 721}, "WeatherCorrelation.get_diagnostics": {"executed_lines": [], "summary": {"covered_lines": 0, "num_statements": 22, "percent_covered": 0.0, "percent_covered_display": "0", "missing_lines": 22, "excluded_lines": 0, "percent_statements_covered": 0.0, "percent_statements_covered_display": "0"}, "missing_lines": [743, 748, 749, 750, 751, 752, 754, 755, 756, 757, 758, 759, 760, 761, 763, 764, 765, 766, 767, 768, 769, 771], "excluded_lines": [], "start_line": 737}, "WeatherCorrelation.get_coefficients_for_hour": {"executed_lines": [], "summary": {"covered_lines": 0, "num_statements": 1, "percent_covered": 0.0, "percent_covered_display": "0", "missing_lines": 1, "excluded_lines": 0, "percent_statements_covered": 0.0, "percent_statements_covered_display": "0"}, "missing_lines": [799], "excluded_lines": [], "start_line": 788}, "": {"executed_lines": [15, 17, 18, 19, 20, 22, 23, 24, 25, 27, 36, 39, 40, 43, 44, 47, 50, 51, 63, 64, 65, 66, 67, 68, 70, 81, 82, 94, 95, 107, 108, 109, 110, 111, 114, 116, 130, 131, 150, 151, 160, 161, 162, 165, 174, 202, 232, 237, 304, 317, 546, 565, 659, 721, 737, 788], "summary": {"covered_lines": 56, "num_statements": 56, "percent_covered": 100.0, "percent_covered_display": "100", "missing_lines": 0, "excluded_lines": 0, "percent_statements_covered": 100.0, "percent_statements_covered_display": "100"}, "missing_lines": [], "excluded_lines": [], "start_line": 1}}, "classes": {"HourlyTemperatureCoefficients": {"executed_lines": [], "summary": {"covered_lines": 0, "num_statements": 2, "percent_covered": 0.0, "percent_covered_display": "0", "missing_lines": 2, "excluded_lines": 0, "percent_statements_covered": 0.0, "percent_statements_covered_display": "0"}, "missing_lines": [72, 84], "excluded_lines": [], "start_line": 51}, "WeatherCorrelationData": {"executed_lines": [], "summary": {"covered_lines": 0, "num_statements": 6, "percent_covered": 0.0, "percent_covered_display": "0", "missing_lines": 6, "excluded_lines": 0, "percent_statements_covered": 0.0, "percent_statements_covered_display": "0"}, "missing_lines": [118, 133, 134, 135, 136, 140], "excluded_lines": [], "start_line": 95}, "TemperatureForecast": {"executed_lines": [], "summary": {"covered_lines": 0, "num_statements": 0, "percent_covered": 100.0, "percent_covered_display": "100", "missing_lines": 0, "excluded_lines": 0, "percent_statements_covered": 100.0, "percent_statements_covered_display": "100"}, "missing_lines": [], "excluded_lines": [], "start_line": 151}, "WeatherCorrelation": {"executed_lines": [185, 186, 187, 190, 191, 194, 199, 200, 204, 207], "summary": {"covered_lines": 10, "num_statements": 230, "percent_covered": 4.3478260869565215, "percent_covered_display": "4", "missing_lines": 220, "excluded_lines": 0, "percent_statements_covered": 4.3478260869565215, "percent_statements_covered_display": "4"}, "missing_lines": [205, 208, 209, 210, 219, 222, 225, 228, 230, 234, 235, 243, 244, 245, 246, 248, 249, 250, 251, 253, 257, 258, 260, 267, 269, 270, 271, 273, 274, 275, 276, 277, 278, 281, 282, 283, 285, 286, 288, 296, 302, 313, 332, 333, 334, 335, 338, 339, 344, 346, 347, 349, 352, 358, 363, 365, 368, 369, 377, 383, 384, 385, 395, 397, 400, 401, 402, 408, 409, 410, 417, 418, 419, 420, 421, 426, 428, 429, 432, 433, 434, 435, 436, 440, 442, 443, 444, 446, 447, 449, 450, 451, 452, 458, 459, 460, 461, 466, 470, 471, 472, 473, 479, 480, 481, 482, 487, 490, 491, 492, 493, 494, 500, 502, 503, 505, 513, 518, 523, 529, 530, 537, 538, 541, 542, 544, 552, 553, 554, 556, 557, 558, 560, 561, 562, 563, 578, 579, 580, 583, 584, 586, 589, 590, 593, 595, 596, 600, 601, 605, 606, 609, 614, 616, 618, 619, 620, 621, 624, 625, 627, 631, 635, 636, 639, 642, 643, 644, 646, 672, 673, 675, 677, 679, 682, 683, 685, 686, 689, 691, 692, 694, 696, 697, 698, 700, 702, 703, 704, 706, 708, 719, 730, 731, 732, 733, 735, 743, 748, 749, 750, 751, 752, 754, 755, 756, 757, 758, 759, 760, 761, 763, 764, 765, 766, 767, 768, 769, 771, 799], "excluded_lines": [], "start_line": 165}, "": {"executed_lines": [15, 17, 18, 19, 20, 22, 23, 24, 25, 27, 36, 39, 40, 43, 44, 47, 50, 51, 63, 64, 65, 66, 67, 68, 70, 81, 82, 94, 95, 107, 108, 109, 110, 111, 114, 116, 130, 131, 150, 151, 160, 161, 162, 165, 174, 202, 232, 237, 304, 317, 546, 565, 659, 721, 737, 788], "summary": {"covered_lines": 56, "num_statements": 56, "percent_covered": 100.0, "percent_covered_display": "100", "missing_lines": 0, "excluded_lines": 0, "percent_statements_covered": 100.0, "percent_statements_covered_display": "100"}, "missing_lines": [], "excluded_lines": [], "start_line": 1}}}}, "totals": {"covered_lines": 5173, "num_statements": 8532, "percent_covered": 60.630567276136894, "percent_covered_display": "61", "missing_lines": 3359, "excluded_lines": 44, "percent_statements_covered": 60.630567276136894, "percent_statements_covered_display": "61"}}